{"/home/travis/build/npmtest/node-npmtest-rbush/test.js":{"path":"/home/travis/build/npmtest/node-npmtest-rbush/test.js","s":{"1":2,"2":2,"3":2,"4":2,"5":2,"6":2,"7":2,"8":1,"9":2,"10":2,"11":1,"12":1,"13":1,"14":1,"15":2,"16":2,"17":2,"18":2,"19":1,"20":1,"21":2,"22":2,"23":2,"24":1,"25":1,"26":1,"27":1,"28":1,"29":1,"30":1,"31":1,"32":1,"33":1,"34":1,"35":1,"36":1,"37":1,"38":1,"39":2,"40":2,"41":1,"42":2,"43":2,"44":1,"45":2,"46":2,"47":1,"48":2,"49":2,"50":1,"51":1,"52":1,"53":1,"54":1},"b":{"1":[2,1,1,1],"2":[1,1,1,1],"3":[1,1],"4":[1,1],"5":[1,1],"6":[1,1],"7":[1,1],"8":[1,1],"9":[1,1],"10":[1,1,1],"11":[1,1],"12":[1,1],"13":[1,1],"14":[1,1],"15":[1,1],"16":[1,1],"17":[1,1]},"f":{"1":2,"2":2,"3":2,"4":2,"5":2,"6":1,"7":1,"8":1,"9":2,"10":2,"11":2,"12":2,"13":1},"fnMap":{"1":{"name":"(anonymous_1)","line":12,"loc":{"start":{"line":12,"column":1},"end":{"line":12,"column":13}}},"2":{"name":"(anonymous_2)","line":19,"loc":{"start":{"line":19,"column":5},"end":{"line":19,"column":17}}},"3":{"name":"(anonymous_3)","line":23,"loc":{"start":{"line":23,"column":24},"end":{"line":23,"column":36}}},"4":{"name":"(anonymous_4)","line":61,"loc":{"start":{"line":61,"column":5},"end":{"line":61,"column":17}}},"5":{"name":"(anonymous_5)","line":82,"loc":{"start":{"line":82,"column":5},"end":{"line":82,"column":17}}},"6":{"name":"(anonymous_6)","line":91,"loc":{"start":{"line":91,"column":77},"end":{"line":94,"column":10}}},"7":{"name":"(anonymous_7)","line":112,"loc":{"start":{"line":112,"column":83},"end":{"line":115,"column":10}},"skip":true},"8":{"name":"(anonymous_8)","line":123,"loc":{"start":{"line":123,"column":77},"end":{"line":126,"column":10}},"skip":true},"9":{"name":"(anonymous_9)","line":139,"loc":{"start":{"line":139,"column":12},"end":{"line":139,"column":40}},"skip":true},"10":{"name":"(anonymous_10)","line":147,"loc":{"start":{"line":147,"column":77},"end":{"line":150,"column":10}},"skip":true},"11":{"name":"(anonymous_11)","line":158,"loc":{"start":{"line":158,"column":83},"end":{"line":161,"column":10}},"skip":true},"12":{"name":"(anonymous_12)","line":169,"loc":{"start":{"line":169,"column":79},"end":{"line":172,"column":10}},"skip":true},"13":{"name":"(anonymous_13)","line":180,"loc":{"start":{"line":180,"column":75},"end":{"line":183,"column":10}},"skip":true}},"statementMap":{"1":{"start":{"line":12,"column":0},"end":{"line":195,"column":5}},"2":{"start":{"line":14,"column":4},"end":{"line":14,"column":14}},"3":{"start":{"line":19,"column":4},"end":{"line":56,"column":9}},"4":{"start":{"line":21,"column":8},"end":{"line":21,"column":19}},"5":{"start":{"line":23,"column":8},"end":{"line":35,"column":13}},"6":{"start":{"line":24,"column":12},"end":{"line":34,"column":13}},"7":{"start":{"line":25,"column":16},"end":{"line":28,"column":30}},"8":{"start":{"line":30,"column":16},"end":{"line":33,"column":27}},"9":{"start":{"line":37,"column":8},"end":{"line":39,"column":21}},"10":{"start":{"line":40,"column":8},"end":{"line":53,"column":9}},"11":{"start":{"line":43,"column":12},"end":{"line":46,"column":14}},"12":{"start":{"line":47,"column":12},"end":{"line":47,"column":18}},"13":{"start":{"line":50,"column":12},"end":{"line":51,"column":33}},"14":{"start":{"line":52,"column":12},"end":{"line":52,"column":18}},"15":{"start":{"line":55,"column":8},"end":{"line":55,"column":35}},"16":{"start":{"line":61,"column":4},"end":{"line":63,"column":9}},"17":{"start":{"line":62,"column":8},"end":{"line":62,"column":15}},"18":{"start":{"line":64,"column":4},"end":{"line":77,"column":5}},"19":{"start":{"line":70,"column":8},"end":{"line":70,"column":14}},"20":{"start":{"line":76,"column":8},"end":{"line":76,"column":14}},"21":{"start":{"line":82,"column":4},"end":{"line":84,"column":9}},"22":{"start":{"line":83,"column":8},"end":{"line":83,"column":15}},"23":{"start":{"line":85,"column":4},"end":{"line":194,"column":5}},"24":{"start":{"line":91,"column":8},"end":{"line":99,"column":10}},"25":{"start":{"line":98,"column":12},"end":{"line":98,"column":35}},"26":{"start":{"line":102,"column":8},"end":{"line":104,"column":63}},"27":{"start":{"line":105,"column":8},"end":{"line":105,"column":14}},"28":{"start":{"line":112,"column":8},"end":{"line":121,"column":10},"skip":true},"29":{"start":{"line":119,"column":12},"end":{"line":119,"column":55},"skip":true},"30":{"start":{"line":120,"column":12},"end":{"line":120,"column":48},"skip":true},"31":{"start":{"line":123,"column":8},"end":{"line":136,"column":10},"skip":true},"32":{"start":{"line":130,"column":12},"end":{"line":130,"column":76},"skip":true},"33":{"start":{"line":131,"column":12},"end":{"line":131,"column":73},"skip":true},"34":{"start":{"line":132,"column":12},"end":{"line":132,"column":74},"skip":true},"35":{"start":{"line":133,"column":12},"end":{"line":133,"column":79},"skip":true},"36":{"start":{"line":134,"column":12},"end":{"line":134,"column":25},"skip":true},"37":{"start":{"line":135,"column":12},"end":{"line":135,"column":45},"skip":true},"38":{"start":{"line":138,"column":8},"end":{"line":145,"column":14},"skip":true},"39":{"start":{"line":143,"column":16},"end":{"line":143,"column":29},"skip":true},"40":{"start":{"line":144,"column":16},"end":{"line":144,"column":55},"skip":true},"41":{"start":{"line":147,"column":8},"end":{"line":156,"column":10},"skip":true},"42":{"start":{"line":154,"column":12},"end":{"line":154,"column":25},"skip":true},"43":{"start":{"line":155,"column":12},"end":{"line":155,"column":45},"skip":true},"44":{"start":{"line":158,"column":8},"end":{"line":167,"column":10},"skip":true},"45":{"start":{"line":165,"column":12},"end":{"line":165,"column":25},"skip":true},"46":{"start":{"line":166,"column":12},"end":{"line":166,"column":48},"skip":true},"47":{"start":{"line":169,"column":8},"end":{"line":178,"column":10},"skip":true},"48":{"start":{"line":176,"column":12},"end":{"line":176,"column":25},"skip":true},"49":{"start":{"line":177,"column":12},"end":{"line":177,"column":46},"skip":true},"50":{"start":{"line":180,"column":8},"end":{"line":189,"column":10},"skip":true},"51":{"start":{"line":187,"column":12},"end":{"line":187,"column":94},"skip":true},"52":{"start":{"line":188,"column":12},"end":{"line":188,"column":48},"skip":true},"53":{"start":{"line":192,"column":8},"end":{"line":192,"column":35},"skip":true},"54":{"start":{"line":193,"column":8},"end":{"line":193,"column":14},"skip":true}},"branchMap":{"1":{"line":25,"type":"binary-expr","locations":[{"start":{"line":25,"column":23},"end":{"line":25,"column":62}},{"start":{"line":26,"column":20},"end":{"line":26,"column":70}},{"start":{"line":27,"column":20},"end":{"line":27,"column":71}},{"start":{"line":28,"column":20},"end":{"line":28,"column":29}}]},"2":{"line":30,"type":"binary-expr","locations":[{"start":{"line":30,"column":23},"end":{"line":30,"column":37}},{"start":{"line":31,"column":20},"end":{"line":31,"column":61}},{"start":{"line":32,"column":20},"end":{"line":32,"column":70}},{"start":{"line":33,"column":20},"end":{"line":33,"column":26}}]},"3":{"line":37,"type":"cond-expr","locations":[{"start":{"line":38,"column":14},"end":{"line":38,"column":20}},{"start":{"line":39,"column":14},"end":{"line":39,"column":20}}]},"4":{"line":40,"type":"switch","locations":[{"start":{"line":42,"column":8},"end":{"line":47,"column":18}},{"start":{"line":49,"column":8},"end":{"line":52,"column":18}}]},"5":{"line":44,"type":"binary-expr","locations":[{"start":{"line":44,"column":16},"end":{"line":44,"column":44}},{"start":{"line":44,"column":48},"end":{"line":44,"column":66}}]},"6":{"line":50,"type":"binary-expr","locations":[{"start":{"line":50,"column":21},"end":{"line":50,"column":49}},{"start":{"line":50,"column":53},"end":{"line":50,"column":72}}]},"7":{"line":64,"type":"switch","locations":[{"start":{"line":69,"column":4},"end":{"line":70,"column":14}},{"start":{"line":75,"column":4},"end":{"line":76,"column":14}}]},"8":{"line":85,"type":"switch","locations":[{"start":{"line":90,"column":4},"end":{"line":105,"column":14}},{"start":{"line":111,"column":4},"end":{"line":193,"column":14},"skip":true}]},"9":{"line":91,"type":"binary-expr","locations":[{"start":{"line":91,"column":42},"end":{"line":91,"column":73}},{"start":{"line":91,"column":77},"end":{"line":99,"column":9}}]},"10":{"line":102,"type":"binary-expr","locations":[{"start":{"line":102,"column":18},"end":{"line":102,"column":32}},{"start":{"line":103,"column":12},"end":{"line":103,"column":53}},{"start":{"line":104,"column":12},"end":{"line":104,"column":61}}]},"11":{"line":112,"type":"binary-expr","locations":[{"start":{"line":112,"column":45},"end":{"line":112,"column":79},"skip":true},{"start":{"line":112,"column":83},"end":{"line":121,"column":9},"skip":true}]},"12":{"line":123,"type":"binary-expr","locations":[{"start":{"line":123,"column":42},"end":{"line":123,"column":73},"skip":true},{"start":{"line":123,"column":77},"end":{"line":136,"column":9},"skip":true}]},"13":{"line":138,"type":"binary-expr","locations":[{"start":{"line":138,"column":48},"end":{"line":138,"column":85},"skip":true},{"start":{"line":139,"column":12},"end":{"line":145,"column":13},"skip":true}]},"14":{"line":147,"type":"binary-expr","locations":[{"start":{"line":147,"column":42},"end":{"line":147,"column":73},"skip":true},{"start":{"line":147,"column":77},"end":{"line":156,"column":9},"skip":true}]},"15":{"line":158,"type":"binary-expr","locations":[{"start":{"line":158,"column":45},"end":{"line":158,"column":79},"skip":true},{"start":{"line":158,"column":83},"end":{"line":167,"column":9},"skip":true}]},"16":{"line":169,"type":"binary-expr","locations":[{"start":{"line":169,"column":43},"end":{"line":169,"column":75},"skip":true},{"start":{"line":169,"column":79},"end":{"line":178,"column":9},"skip":true}]},"17":{"line":180,"type":"binary-expr","locations":[{"start":{"line":180,"column":41},"end":{"line":180,"column":71},"skip":true},{"start":{"line":180,"column":75},"end":{"line":189,"column":9},"skip":true}]}},"code":["/* istanbul instrument in package npmtest_rbush */","/*jslint","    bitwise: true,","    browser: true,","    maxerr: 8,","    maxlen: 96,","    node: true,","    nomen: true,","    regexp: true,","    stupid: true","*/","(function () {","    'use strict';","    var local;","","","","    // run shared js-env code - init-before","    (function () {","        // init local","        local = {};","        // init modeJs","        local.modeJs = (function () {","            try {","                return typeof navigator.userAgent === 'string' &&","                    typeof document.querySelector('body') === 'object' &&","                    typeof XMLHttpRequest.prototype.open === 'function' &&","                    'browser';","            } catch (errorCaughtBrowser) {","                return module.exports &&","                    typeof process.versions.node === 'string' &&","                    typeof require('http').createServer === 'function' &&","                    'node';","            }","        }());","        // init global","        local.global = local.modeJs === 'browser'","            ? window","            : global;","        switch (local.modeJs) {","        // re-init local from window.local","        case 'browser':","            local = local.global.utility2.objectSetDefault(","                local.global.utility2_rollup || local.global.local,","                local.global.utility2","            );","            break;","        // re-init local from example.js","        case 'node':","            local = (local.global.utility2_rollup || require('utility2'))","                .requireReadme();","            break;","        }","        // export local","        local.global.local = local;","    }());","","","","    // run shared js-env code - function","    (function () {","        return;","    }());","    switch (local.modeJs) {","","","","    // run browser js-env code - function","    case 'browser':","        break;","","","","    // run node js-env code - function","    case 'node':","        break;","    }","","","","    // run shared js-env code - init-after","    (function () {","        return;","    }());","    switch (local.modeJs) {","","","","    // run browser js-env code - init-after","    case 'browser':","        local.testCase_browser_nullCase = local.testCase_browser_nullCase || function (","            options,","            onError","        ) {","        /*","         * this function will test browsers's null-case handling-behavior-behavior","         */","            onError(null, options);","        };","","        // run tests","        local.nop(local.modeTest &&","            document.querySelector('#testRunButton1') &&","            document.querySelector('#testRunButton1').click());","        break;","","","","    // run node js-env code - init-after","    /* istanbul ignore next */","    case 'node':","        local.testCase_buildApidoc_default = local.testCase_buildApidoc_default || function (","            options,","            onError","        ) {","        /*","         * this function will test buildApidoc's default handling-behavior-behavior","         */","            options = { modulePathList: module.paths };","            local.buildApidoc(options, onError);","        };","","        local.testCase_buildApp_default = local.testCase_buildApp_default || function (","            options,","            onError","        ) {","        /*","         * this function will test buildApp's default handling-behavior-behavior","         */","            local.testCase_buildReadme_default(options, local.onErrorThrow);","            local.testCase_buildLib_default(options, local.onErrorThrow);","            local.testCase_buildTest_default(options, local.onErrorThrow);","            local.testCase_buildCustomOrg_default(options, local.onErrorThrow);","            options = [];","            local.buildApp(options, onError);","        };","","        local.testCase_buildCustomOrg_default = local.testCase_buildCustomOrg_default ||","            function (options, onError) {","            /*","             * this function will test buildCustomOrg's default handling-behavior","             */","                options = {};","                local.buildCustomOrg(options, onError);","            };","","        local.testCase_buildLib_default = local.testCase_buildLib_default || function (","            options,","            onError","        ) {","        /*","         * this function will test buildLib's default handling-behavior","         */","            options = {};","            local.buildLib(options, onError);","        };","","        local.testCase_buildReadme_default = local.testCase_buildReadme_default || function (","            options,","            onError","        ) {","        /*","         * this function will test buildReadme's default handling-behavior-behavior","         */","            options = {};","            local.buildReadme(options, onError);","        };","","        local.testCase_buildTest_default = local.testCase_buildTest_default || function (","            options,","            onError","        ) {","        /*","         * this function will test buildTest's default handling-behavior","         */","            options = {};","            local.buildTest(options, onError);","        };","","        local.testCase_webpage_default = local.testCase_webpage_default || function (","            options,","            onError","        ) {","        /*","         * this function will test webpage's default handling-behavior","         */","            options = { modeCoverageMerge: true, url: local.serverLocalHost + '?modeTest=1' };","            local.browserTest(options, onError);","        };","","        // run test-server","        local.testRunServer(local);","        break;","    }","}());",""],"l":{"12":2,"14":2,"19":2,"21":2,"23":2,"24":2,"25":2,"30":1,"37":2,"40":2,"43":1,"47":1,"50":1,"52":1,"55":2,"61":2,"62":2,"64":2,"70":1,"76":1,"82":2,"83":2,"85":2,"91":1,"98":1,"102":1,"105":1,"112":1,"119":1,"120":1,"123":1,"130":1,"131":1,"132":1,"133":1,"134":1,"135":1,"138":1,"143":2,"144":2,"147":1,"154":2,"155":2,"158":1,"165":2,"166":2,"169":1,"176":2,"177":2,"180":1,"187":1,"188":1,"192":1,"193":1}},"/home/travis/build/npmtest/node-npmtest-rbush/lib.npmtest_rbush.js":{"path":"/home/travis/build/npmtest/node-npmtest-rbush/lib.npmtest_rbush.js","s":{"1":2,"2":2,"3":2,"4":2,"5":2,"6":2,"7":2,"8":1,"9":2,"10":2,"11":2,"12":2,"13":1,"14":1,"15":1,"16":1},"b":{"1":[2,1,1,1],"2":[1,1,1,1],"3":[1,1],"4":[2,2],"5":[1,1]},"f":{"1":2,"2":2,"3":2},"fnMap":{"1":{"name":"(anonymous_1)","line":12,"loc":{"start":{"line":12,"column":1},"end":{"line":12,"column":13}}},"2":{"name":"(anonymous_2)","line":19,"loc":{"start":{"line":19,"column":5},"end":{"line":19,"column":17}}},"3":{"name":"(anonymous_3)","line":23,"loc":{"start":{"line":23,"column":24},"end":{"line":23,"column":36}}}},"statementMap":{"1":{"start":{"line":12,"column":0},"end":{"line":53,"column":5}},"2":{"start":{"line":14,"column":4},"end":{"line":14,"column":14}},"3":{"start":{"line":19,"column":4},"end":{"line":52,"column":9}},"4":{"start":{"line":21,"column":8},"end":{"line":21,"column":19}},"5":{"start":{"line":23,"column":8},"end":{"line":35,"column":13}},"6":{"start":{"line":24,"column":12},"end":{"line":34,"column":13}},"7":{"start":{"line":25,"column":16},"end":{"line":28,"column":30}},"8":{"start":{"line":30,"column":16},"end":{"line":33,"column":27}},"9":{"start":{"line":37,"column":8},"end":{"line":39,"column":21}},"10":{"start":{"line":41,"column":8},"end":{"line":41,"column":54}},"11":{"start":{"line":43,"column":8},"end":{"line":43,"column":50}},"12":{"start":{"line":45,"column":8},"end":{"line":51,"column":9}},"13":{"start":{"line":46,"column":12},"end":{"line":46,"column":56}},"14":{"start":{"line":48,"column":12},"end":{"line":48,"column":35}},"15":{"start":{"line":49,"column":12},"end":{"line":49,"column":49}},"16":{"start":{"line":50,"column":12},"end":{"line":50,"column":43}}},"branchMap":{"1":{"line":25,"type":"binary-expr","locations":[{"start":{"line":25,"column":23},"end":{"line":25,"column":62}},{"start":{"line":26,"column":20},"end":{"line":26,"column":70}},{"start":{"line":27,"column":20},"end":{"line":27,"column":71}},{"start":{"line":28,"column":20},"end":{"line":28,"column":29}}]},"2":{"line":30,"type":"binary-expr","locations":[{"start":{"line":30,"column":23},"end":{"line":30,"column":37}},{"start":{"line":31,"column":20},"end":{"line":31,"column":61}},{"start":{"line":32,"column":20},"end":{"line":32,"column":70}},{"start":{"line":33,"column":20},"end":{"line":33,"column":26}}]},"3":{"line":37,"type":"cond-expr","locations":[{"start":{"line":38,"column":14},"end":{"line":38,"column":20}},{"start":{"line":39,"column":14},"end":{"line":39,"column":20}}]},"4":{"line":41,"type":"binary-expr","locations":[{"start":{"line":41,"column":16},"end":{"line":41,"column":44}},{"start":{"line":41,"column":48},"end":{"line":41,"column":53}}]},"5":{"line":45,"type":"if","locations":[{"start":{"line":45,"column":8},"end":{"line":45,"column":8}},{"start":{"line":45,"column":8},"end":{"line":45,"column":8}}]}},"code":["/* istanbul instrument in package npmtest_rbush */","/*jslint","    bitwise: true,","    browser: true,","    maxerr: 8,","    maxlen: 96,","    node: true,","    nomen: true,","    regexp: true,","    stupid: true","*/","(function () {","    'use strict';","    var local;","","","","    // run shared js-env code - init-before","    (function () {","        // init local","        local = {};","        // init modeJs","        local.modeJs = (function () {","            try {","                return typeof navigator.userAgent === 'string' &&","                    typeof document.querySelector('body') === 'object' &&","                    typeof XMLHttpRequest.prototype.open === 'function' &&","                    'browser';","            } catch (errorCaughtBrowser) {","                return module.exports &&","                    typeof process.versions.node === 'string' &&","                    typeof require('http').createServer === 'function' &&","                    'node';","            }","        }());","        // init global","        local.global = local.modeJs === 'browser'","            ? window","            : global;","        // init utility2_rollup","        local = local.global.utility2_rollup || local;","        // init lib","        local.local = local.npmtest_rbush = local;","        // init exports","        if (local.modeJs === 'browser') {","            local.global.utility2_npmtest_rbush = local;","        } else {","            module.exports = local;","            module.exports.__dirname = __dirname;","            module.exports.module = module;","        }","    }());","}());",""],"l":{"12":2,"14":2,"19":2,"21":2,"23":2,"24":2,"25":2,"30":1,"37":2,"41":2,"43":2,"45":2,"46":1,"48":1,"49":1,"50":1}},"/home/travis/build/npmtest/node-npmtest-rbush/example.js":{"path":"/home/travis/build/npmtest/node-npmtest-rbush/example.js","s":{"1":2,"2":2,"3":2,"4":2,"5":2,"6":2,"7":2,"8":1,"9":2,"10":2,"11":2,"12":2,"13":1,"14":2,"15":2,"16":2,"17":2,"18":2,"19":0,"20":2,"21":1,"22":1,"23":1,"24":1,"25":1,"26":0,"27":0,"28":1,"29":1,"30":2,"31":0,"32":0,"33":0,"34":1,"35":2,"36":2,"37":3,"38":3,"39":3,"40":3,"41":0,"42":3,"43":3,"44":3,"45":1,"46":3,"47":1,"48":1,"49":1,"50":1,"51":1,"52":1,"53":1,"54":1,"55":1,"56":1,"57":0,"58":1,"59":6,"60":6,"61":1,"62":2,"63":0,"64":2,"65":1,"66":1,"67":0,"68":0,"69":0,"70":0,"71":0,"72":0,"73":0,"74":0,"75":0,"76":0,"77":0,"78":0,"79":0,"80":0,"81":0,"82":0,"83":0},"b":{"1":[2,1,1,1],"2":[1,1,1,1],"3":[1,1],"4":[2,2],"5":[1,1],"6":[1,1],"7":[2,0],"8":[2,1,1,1,1,1],"9":[0,2,0],"10":[1,1],"11":[2,1,1],"12":[1,0],"13":[0,2],"14":[2,0,0,0,0,0,0],"15":[0,3],"16":[3,0],"17":[1,1],"18":[0,1],"19":[1,2,0,2],"20":[1,0],"21":[1,1],"22":[0,0],"23":[0,0],"24":[0,0],"25":[0,0],"26":[0,0],"27":[0,0],"28":[0,0]},"f":{"1":2,"2":2,"3":2,"4":2,"5":2,"6":2,"7":3,"8":3,"9":3,"10":1,"11":6,"12":0},"fnMap":{"1":{"name":"(anonymous_1)","line":26,"loc":{"start":{"line":26,"column":1},"end":{"line":26,"column":13}}},"2":{"name":"(anonymous_2)","line":33,"loc":{"start":{"line":33,"column":5},"end":{"line":33,"column":17}}},"3":{"name":"(anonymous_3)","line":37,"loc":{"start":{"line":37,"column":24},"end":{"line":37,"column":36}}},"4":{"name":"(anonymous_4)","line":69,"loc":{"start":{"line":69,"column":31},"end":{"line":69,"column":48}},"skip":true},"5":{"name":"(anonymous_5)","line":78,"loc":{"start":{"line":78,"column":26},"end":{"line":78,"column":45}},"skip":true},"6":{"name":"(anonymous_6)","line":123,"loc":{"start":{"line":123,"column":33},"end":{"line":123,"column":48}},"skip":true},"7":{"name":"(anonymous_7)","line":125,"loc":{"start":{"line":125,"column":27},"end":{"line":125,"column":39}},"skip":true},"8":{"name":"(anonymous_8)","line":133,"loc":{"start":{"line":133,"column":59},"end":{"line":133,"column":74}},"skip":true},"9":{"name":"(anonymous_9)","line":143,"loc":{"start":{"line":143,"column":45},"end":{"line":143,"column":62}},"skip":true},"10":{"name":"(anonymous_10)","line":144,"loc":{"start":{"line":144,"column":73},"end":{"line":144,"column":92}},"skip":true},"11":{"name":"(anonymous_11)","line":272,"loc":{"start":{"line":272,"column":51},"end":{"line":272,"column":77}},"skip":true},"12":{"name":"(anonymous_12)","line":315,"loc":{"start":{"line":315,"column":32},"end":{"line":315,"column":61}},"skip":true}},"statementMap":{"1":{"start":{"line":26,"column":0},"end":{"line":326,"column":5}},"2":{"start":{"line":28,"column":4},"end":{"line":28,"column":14}},"3":{"start":{"line":33,"column":4},"end":{"line":60,"column":9}},"4":{"start":{"line":35,"column":8},"end":{"line":35,"column":19}},"5":{"start":{"line":37,"column":8},"end":{"line":49,"column":13}},"6":{"start":{"line":38,"column":12},"end":{"line":48,"column":13}},"7":{"start":{"line":39,"column":16},"end":{"line":42,"column":30}},"8":{"start":{"line":44,"column":16},"end":{"line":47,"column":27}},"9":{"start":{"line":51,"column":8},"end":{"line":53,"column":21}},"10":{"start":{"line":55,"column":8},"end":{"line":57,"column":45}},"11":{"start":{"line":59,"column":8},"end":{"line":59,"column":35}},"12":{"start":{"line":61,"column":4},"end":{"line":325,"column":5}},"13":{"start":{"line":69,"column":8},"end":{"line":121,"column":10},"skip":true},"14":{"start":{"line":70,"column":12},"end":{"line":88,"column":13},"skip":true},"15":{"start":{"line":76,"column":16},"end":{"line":87,"column":19},"skip":true},"16":{"start":{"line":79,"column":20},"end":{"line":86,"column":21},"skip":true},"17":{"start":{"line":82,"column":24},"end":{"line":82,"column":43},"skip":true},"18":{"start":{"line":83,"column":24},"end":{"line":83,"column":30},"skip":true},"19":{"start":{"line":85,"column":24},"end":{"line":85,"column":49},"skip":true},"20":{"start":{"line":89,"column":12},"end":{"line":107,"column":13},"skip":true},"21":{"start":{"line":92,"column":16},"end":{"line":102,"column":17},"skip":true},"22":{"start":{"line":93,"column":20},"end":{"line":93,"column":86},"skip":true},"23":{"start":{"line":94,"column":20},"end":{"line":95,"column":45},"skip":true},"24":{"start":{"line":96,"column":20},"end":{"line":96,"column":42},"skip":true},"25":{"start":{"line":97,"column":20},"end":{"line":97,"column":48},"skip":true},"26":{"start":{"line":100,"column":20},"end":{"line":100,"column":85},"skip":true},"27":{"start":{"line":101,"column":20},"end":{"line":101,"column":96},"skip":true},"28":{"start":{"line":103,"column":16},"end":{"line":103,"column":22},"skip":true},"29":{"start":{"line":106,"column":16},"end":{"line":106,"column":22},"skip":true},"30":{"start":{"line":108,"column":12},"end":{"line":120,"column":13},"skip":true},"31":{"start":{"line":114,"column":16},"end":{"line":119,"column":17},"skip":true},"32":{"start":{"line":116,"column":20},"end":{"line":116,"column":78},"skip":true},"33":{"start":{"line":118,"column":20},"end":{"line":118,"column":47},"skip":true},"34":{"start":{"line":123,"column":8},"end":{"line":141,"column":11},"skip":true},"35":{"start":{"line":124,"column":12},"end":{"line":124,"column":54},"skip":true},"36":{"start":{"line":125,"column":12},"end":{"line":140,"column":14},"skip":true},"37":{"start":{"line":126,"column":16},"end":{"line":126,"column":28},"skip":true},"38":{"start":{"line":127,"column":16},"end":{"line":127,"column":69},"skip":true},"39":{"start":{"line":128,"column":16},"end":{"line":128,"column":75},"skip":true},"40":{"start":{"line":129,"column":16},"end":{"line":131,"column":17},"skip":true},"41":{"start":{"line":130,"column":20},"end":{"line":130,"column":27},"skip":true},"42":{"start":{"line":133,"column":16},"end":{"line":137,"column":36},"skip":true},"43":{"start":{"line":134,"column":20},"end":{"line":136,"column":55},"skip":true},"44":{"start":{"line":139,"column":16},"end":{"line":139,"column":57},"skip":true},"45":{"start":{"line":143,"column":8},"end":{"line":147,"column":11},"skip":true},"46":{"start":{"line":144,"column":12},"end":{"line":146,"column":15},"skip":true},"47":{"start":{"line":145,"column":16},"end":{"line":145,"column":70},"skip":true},"48":{"start":{"line":149,"column":8},"end":{"line":149,"column":31},"skip":true},"49":{"start":{"line":150,"column":8},"end":{"line":150,"column":14},"skip":true},"50":{"start":{"line":158,"column":8},"end":{"line":158,"column":31},"skip":true},"51":{"start":{"line":160,"column":8},"end":{"line":160,"column":33},"skip":true},"52":{"start":{"line":161,"column":8},"end":{"line":161,"column":37},"skip":true},"53":{"start":{"line":162,"column":8},"end":{"line":162,"column":35},"skip":true},"54":{"start":{"line":164,"column":8},"end":{"line":164,"column":50},"skip":true},"55":{"start":{"line":166,"column":8},"end":{"line":256,"column":2},"skip":true},"56":{"start":{"line":258,"column":8},"end":{"line":286,"column":9},"skip":true},"57":{"start":{"line":259,"column":12},"end":{"line":269,"column":14},"skip":true},"58":{"start":{"line":271,"column":12},"end":{"line":285,"column":19},"skip":true},"59":{"start":{"line":274,"column":20},"end":{"line":274,"column":35},"skip":true},"60":{"start":{"line":275,"column":20},"end":{"line":284,"column":21},"skip":true},"61":{"start":{"line":277,"column":24},"end":{"line":277,"column":64},"skip":true},"62":{"start":{"line":279,"column":24},"end":{"line":279,"column":40},"skip":true},"63":{"start":{"line":281,"column":24},"end":{"line":281,"column":40},"skip":true},"64":{"start":{"line":283,"column":24},"end":{"line":283,"column":39},"skip":true},"65":{"start":{"line":288,"column":8},"end":{"line":290,"column":9},"skip":true},"66":{"start":{"line":289,"column":12},"end":{"line":289,"column":18},"skip":true},"67":{"start":{"line":291,"column":8},"end":{"line":293,"column":54},"skip":true},"68":{"start":{"line":296,"column":8},"end":{"line":301,"column":37},"skip":true},"69":{"start":{"line":303,"column":8},"end":{"line":303,"column":82},"skip":true},"70":{"start":{"line":306,"column":8},"end":{"line":308,"column":9},"skip":true},"71":{"start":{"line":307,"column":12},"end":{"line":307,"column":82},"skip":true},"72":{"start":{"line":310,"column":8},"end":{"line":312,"column":9},"skip":true},"73":{"start":{"line":311,"column":12},"end":{"line":311,"column":18},"skip":true},"74":{"start":{"line":313,"column":8},"end":{"line":313,"column":54},"skip":true},"75":{"start":{"line":314,"column":8},"end":{"line":314,"column":69},"skip":true},"76":{"start":{"line":315,"column":8},"end":{"line":323,"column":36},"skip":true},"77":{"start":{"line":316,"column":12},"end":{"line":316,"column":61},"skip":true},"78":{"start":{"line":317,"column":12},"end":{"line":320,"column":13},"skip":true},"79":{"start":{"line":318,"column":16},"end":{"line":318,"column":75},"skip":true},"80":{"start":{"line":319,"column":16},"end":{"line":319,"column":23},"skip":true},"81":{"start":{"line":321,"column":12},"end":{"line":321,"column":38},"skip":true},"82":{"start":{"line":322,"column":12},"end":{"line":322,"column":27},"skip":true},"83":{"start":{"line":324,"column":8},"end":{"line":324,"column":14},"skip":true}},"branchMap":{"1":{"line":39,"type":"binary-expr","locations":[{"start":{"line":39,"column":23},"end":{"line":39,"column":62}},{"start":{"line":40,"column":20},"end":{"line":40,"column":70}},{"start":{"line":41,"column":20},"end":{"line":41,"column":71}},{"start":{"line":42,"column":20},"end":{"line":42,"column":29}}]},"2":{"line":44,"type":"binary-expr","locations":[{"start":{"line":44,"column":23},"end":{"line":44,"column":37}},{"start":{"line":45,"column":20},"end":{"line":45,"column":61}},{"start":{"line":46,"column":20},"end":{"line":46,"column":70}},{"start":{"line":47,"column":20},"end":{"line":47,"column":26}}]},"3":{"line":51,"type":"cond-expr","locations":[{"start":{"line":52,"column":14},"end":{"line":52,"column":20}},{"start":{"line":53,"column":14},"end":{"line":53,"column":20}}]},"4":{"line":55,"type":"binary-expr","locations":[{"start":{"line":55,"column":16},"end":{"line":55,"column":44}},{"start":{"line":55,"column":49},"end":{"line":57,"column":43}}]},"5":{"line":55,"type":"cond-expr","locations":[{"start":{"line":56,"column":14},"end":{"line":56,"column":49}},{"start":{"line":57,"column":14},"end":{"line":57,"column":43}}]},"6":{"line":61,"type":"switch","locations":[{"start":{"line":68,"column":4},"end":{"line":150,"column":14},"skip":true},{"start":{"line":156,"column":4},"end":{"line":324,"column":14},"skip":true}]},"7":{"line":70,"type":"if","locations":[{"start":{"line":70,"column":12},"end":{"line":70,"column":12},"skip":true},{"start":{"line":70,"column":12},"end":{"line":70,"column":12},"skip":true}]},"8":{"line":70,"type":"binary-expr","locations":[{"start":{"line":70,"column":16},"end":{"line":70,"column":22},"skip":true},{"start":{"line":70,"column":27},"end":{"line":70,"column":32},"skip":true},{"start":{"line":71,"column":20},"end":{"line":71,"column":39},"skip":true},{"start":{"line":72,"column":20},"end":{"line":72,"column":49},"skip":true},{"start":{"line":73,"column":20},"end":{"line":73,"column":58},"skip":true},{"start":{"line":74,"column":20},"end":{"line":74,"column":69},"skip":true}]},"9":{"line":79,"type":"switch","locations":[{"start":{"line":80,"column":20},"end":{"line":80,"column":33},"skip":true},{"start":{"line":81,"column":20},"end":{"line":83,"column":30},"skip":true},{"start":{"line":84,"column":20},"end":{"line":85,"column":49},"skip":true}]},"10":{"line":89,"type":"switch","locations":[{"start":{"line":90,"column":12},"end":{"line":103,"column":22},"skip":true},{"start":{"line":105,"column":12},"end":{"line":106,"column":22},"skip":true}]},"11":{"line":89,"type":"binary-expr","locations":[{"start":{"line":89,"column":20},"end":{"line":89,"column":25},"skip":true},{"start":{"line":89,"column":29},"end":{"line":89,"column":48},"skip":true},{"start":{"line":89,"column":52},"end":{"line":89,"column":74},"skip":true}]},"12":{"line":92,"type":"if","locations":[{"start":{"line":92,"column":16},"end":{"line":92,"column":16},"skip":true},{"start":{"line":92,"column":16},"end":{"line":92,"column":16},"skip":true}]},"13":{"line":108,"type":"if","locations":[{"start":{"line":108,"column":12},"end":{"line":108,"column":12},"skip":true},{"start":{"line":108,"column":12},"end":{"line":108,"column":12},"skip":true}]},"14":{"line":108,"type":"binary-expr","locations":[{"start":{"line":108,"column":16},"end":{"line":108,"column":61},"skip":true},{"start":{"line":108,"column":66},"end":{"line":108,"column":72},"skip":true},{"start":{"line":108,"column":77},"end":{"line":108,"column":82},"skip":true},{"start":{"line":109,"column":20},"end":{"line":109,"column":39},"skip":true},{"start":{"line":110,"column":20},"end":{"line":110,"column":49},"skip":true},{"start":{"line":111,"column":20},"end":{"line":111,"column":58},"skip":true},{"start":{"line":112,"column":20},"end":{"line":112,"column":68},"skip":true}]},"15":{"line":129,"type":"if","locations":[{"start":{"line":129,"column":16},"end":{"line":129,"column":16},"skip":true},{"start":{"line":129,"column":16},"end":{"line":129,"column":16},"skip":true}]},"16":{"line":134,"type":"cond-expr","locations":[{"start":{"line":135,"column":26},"end":{"line":135,"column":29},"skip":true},{"start":{"line":136,"column":26},"end":{"line":136,"column":54},"skip":true}]},"17":{"line":164,"type":"binary-expr","locations":[{"start":{"line":164,"column":27},"end":{"line":164,"column":43},"skip":true},{"start":{"line":164,"column":47},"end":{"line":164,"column":49},"skip":true}]},"18":{"line":258,"type":"if","locations":[{"start":{"line":258,"column":8},"end":{"line":258,"column":8},"skip":true},{"start":{"line":258,"column":8},"end":{"line":258,"column":8},"skip":true}]},"19":{"line":275,"type":"switch","locations":[{"start":{"line":276,"column":20},"end":{"line":277,"column":64},"skip":true},{"start":{"line":278,"column":20},"end":{"line":279,"column":40},"skip":true},{"start":{"line":280,"column":20},"end":{"line":281,"column":40},"skip":true},{"start":{"line":282,"column":20},"end":{"line":283,"column":39},"skip":true}]},"20":{"line":288,"type":"if","locations":[{"start":{"line":288,"column":8},"end":{"line":288,"column":8},"skip":true},{"start":{"line":288,"column":8},"end":{"line":288,"column":8},"skip":true}]},"21":{"line":288,"type":"binary-expr","locations":[{"start":{"line":288,"column":12},"end":{"line":288,"column":40},"skip":true},{"start":{"line":288,"column":44},"end":{"line":288,"column":67},"skip":true}]},"22":{"line":292,"type":"binary-expr","locations":[{"start":{"line":292,"column":12},"end":{"line":292,"column":50},"skip":true},{"start":{"line":293,"column":12},"end":{"line":293,"column":53},"skip":true}]},"23":{"line":297,"type":"binary-expr","locations":[{"start":{"line":297,"column":12},"end":{"line":297,"column":63},"skip":true},{"start":{"line":298,"column":12},"end":{"line":301,"column":36},"skip":true}]},"24":{"line":303,"type":"binary-expr","locations":[{"start":{"line":303,"column":43},"end":{"line":303,"column":75},"skip":true},{"start":{"line":303,"column":79},"end":{"line":303,"column":81},"skip":true}]},"25":{"line":306,"type":"if","locations":[{"start":{"line":306,"column":8},"end":{"line":306,"column":8},"skip":true},{"start":{"line":306,"column":8},"end":{"line":306,"column":8},"skip":true}]},"26":{"line":310,"type":"if","locations":[{"start":{"line":310,"column":8},"end":{"line":310,"column":8},"skip":true},{"start":{"line":310,"column":8},"end":{"line":310,"column":8},"skip":true}]},"27":{"line":313,"type":"binary-expr","locations":[{"start":{"line":313,"column":27},"end":{"line":313,"column":43},"skip":true},{"start":{"line":313,"column":47},"end":{"line":313,"column":53},"skip":true}]},"28":{"line":317,"type":"if","locations":[{"start":{"line":317,"column":12},"end":{"line":317,"column":12},"skip":true},{"start":{"line":317,"column":12},"end":{"line":317,"column":12},"skip":true}]}},"code":["/*","example.js","","quickstart example","","instruction","    1. save this script as example.js","    2. run the shell command:","        $ npm install npmtest-rbush && PORT=8081 node example.js","    3. play with the browser-demo on http://127.0.0.1:8081","*/","","","","/* istanbul instrument in package npmtest_rbush */","/*jslint","    bitwise: true,","    browser: true,","    maxerr: 8,","    maxlen: 96,","    node: true,","    nomen: true,","    regexp: true,","    stupid: true","*/","(function () {","    'use strict';","    var local;","","","","    // run shared js-env code - init-before","    (function () {","        // init local","        local = {};","        // init modeJs","        local.modeJs = (function () {","            try {","                return typeof navigator.userAgent === 'string' &&","                    typeof document.querySelector('body') === 'object' &&","                    typeof XMLHttpRequest.prototype.open === 'function' &&","                    'browser';","            } catch (errorCaughtBrowser) {","                return module.exports &&","                    typeof process.versions.node === 'string' &&","                    typeof require('http').createServer === 'function' &&","                    'node';","            }","        }());","        // init global","        local.global = local.modeJs === 'browser'","            ? window","            : global;","        // init utility2_rollup","        local = local.global.utility2_rollup || (local.modeJs === 'browser'","            ? local.global.utility2_npmtest_rbush","            : global.utility2_moduleExports);","        // export local","        local.global.local = local;","    }());","    switch (local.modeJs) {","","","","    // init-after","    // run browser js-env code - init-after","    /* istanbul ignore next */","    case 'browser':","        local.testRunBrowser = function (event) {","            if (!event || (event &&","                    event.currentTarget &&","                    event.currentTarget.className &&","                    event.currentTarget.className.includes &&","                    event.currentTarget.className.includes('onreset'))) {","                // reset output","                Array.from(","                    document.querySelectorAll('body > .resettable')","                ).forEach(function (element) {","                    switch (element.tagName) {","                    case 'INPUT':","                    case 'TEXTAREA':","                        element.value = '';","                        break;","                    default:","                        element.textContent = '';","                    }","                });","            }","            switch (event && event.currentTarget && event.currentTarget.id) {","            case 'testRunButton1':","                // show tests","                if (document.querySelector('#testReportDiv1').style.display === 'none') {","                    document.querySelector('#testReportDiv1').style.display = 'block';","                    document.querySelector('#testRunButton1').textContent =","                        'hide internal test';","                    local.modeTest = true;","                    local.testRunDefault(local);","                // hide tests","                } else {","                    document.querySelector('#testReportDiv1').style.display = 'none';","                    document.querySelector('#testRunButton1').textContent = 'run internal test';","                }","                break;","            // custom-case","            default:","                break;","            }","            if (document.querySelector('#inputTextareaEval1') && (!event || (event &&","                    event.currentTarget &&","                    event.currentTarget.className &&","                    event.currentTarget.className.includes &&","                    event.currentTarget.className.includes('oneval')))) {","                // try to eval input-code","                try {","                    /*jslint evil: true*/","                    eval(document.querySelector('#inputTextareaEval1').value);","                } catch (errorCaught) {","                    console.error(errorCaught);","                }","            }","        };","        // log stderr and stdout to #outputTextareaStdout1","        ['error', 'log'].forEach(function (key) {","            console[key + '_original'] = console[key];","            console[key] = function () {","                var element;","                console[key + '_original'].apply(console, arguments);","                element = document.querySelector('#outputTextareaStdout1');","                if (!element) {","                    return;","                }","                // append text to #outputTextareaStdout1","                element.value += Array.from(arguments).map(function (arg) {","                    return typeof arg === 'string'","                        ? arg","                        : JSON.stringify(arg, null, 4);","                }).join(' ') + '\\n';","                // scroll textarea to bottom","                element.scrollTop = element.scrollHeight;","            };","        });","        // init event-handling","        ['change', 'click', 'keyup'].forEach(function (event) {","            Array.from(document.querySelectorAll('.on' + event)).forEach(function (element) {","                element.addEventListener(event, local.testRunBrowser);","            });","        });","        // run tests","        local.testRunBrowser();","        break;","","","","    // run node js-env code - init-after","    /* istanbul ignore next */","    case 'node':","        // export local","        module.exports = local;","        // require modules","        local.fs = require('fs');","        local.http = require('http');","        local.url = require('url');","        // init assets","        local.assetsDict = local.assetsDict || {};","        /* jslint-ignore-begin */","        local.assetsDict['/assets.index.template.html'] = '\\","<!doctype html>\\n\\","<html lang=\"en\">\\n\\","<head>\\n\\","<meta charset=\"UTF-8\">\\n\\","<meta name=\"viewport\" content=\"width=device-width, initial-scale=1\">\\n\\","<title>{{env.npm_package_name}} (v{{env.npm_package_version}})</title>\\n\\","<style>\\n\\","/*csslint\\n\\","    box-sizing: false,\\n\\","    universal-selector: false\\n\\","*/\\n\\","* {\\n\\","    box-sizing: border-box;\\n\\","}\\n\\","body {\\n\\","    background: #dde;\\n\\","    font-family: Arial, Helvetica, sans-serif;\\n\\","    margin: 2rem;\\n\\","}\\n\\","body > * {\\n\\","    margin-bottom: 1rem;\\n\\","}\\n\\",".utility2FooterDiv {\\n\\","    margin-top: 20px;\\n\\","    text-align: center;\\n\\","}\\n\\","</style>\\n\\","<style>\\n\\","/*csslint\\n\\","*/\\n\\","textarea {\\n\\","    font-family: monospace;\\n\\","    height: 10rem;\\n\\","    width: 100%;\\n\\","}\\n\\","textarea[readonly] {\\n\\","    background: #ddd;\\n\\","}\\n\\","</style>\\n\\","</head>\\n\\","<body>\\n\\","<!-- utility2-comment\\n\\","<div id=\"ajaxProgressDiv1\" style=\"background: #d00; height: 2px; left: 0; margin: 0; padding: 0; position: fixed; top: 0; transition: background 0.5s, width 1.5s; width: 25%;\"></div>\\n\\","utility2-comment -->\\n\\","<h1>\\n\\","<!-- utility2-comment\\n\\","    <a\\n\\","        {{#if env.npm_package_homepage}}\\n\\","        href=\"{{env.npm_package_homepage}}\"\\n\\","        {{/if env.npm_package_homepage}}\\n\\","        target=\"_blank\"\\n\\","    >\\n\\","utility2-comment -->\\n\\","        {{env.npm_package_name}} (v{{env.npm_package_version}})\\n\\","<!-- utility2-comment\\n\\","    </a>\\n\\","utility2-comment -->\\n\\","</h1>\\n\\","<h3>{{env.npm_package_description}}</h3>\\n\\","<!-- utility2-comment\\n\\","<h4><a download href=\"assets.app.js\">download standalone app</a></h4>\\n\\","<button class=\"onclick onreset\" id=\"testRunButton1\">run internal test</button><br>\\n\\","<div id=\"testReportDiv1\" style=\"display: none;\"></div>\\n\\","utility2-comment -->\\n\\","\\n\\","\\n\\","\\n\\","<label>stderr and stdout</label>\\n\\","<textarea class=\"resettable\" id=\"outputTextareaStdout1\" readonly></textarea>\\n\\","<!-- utility2-comment\\n\\","{{#if isRollup}}\\n\\","<script src=\"assets.app.js\"></script>\\n\\","{{#unless isRollup}}\\n\\","utility2-comment -->\\n\\","<script src=\"assets.utility2.rollup.js\"></script>\\n\\","<script src=\"jsonp.utility2._stateInit?callback=window.utility2._stateInit\"></script>\\n\\","<script src=\"assets.npmtest_rbush.rollup.js\"></script>\\n\\","<script src=\"assets.example.js\"></script>\\n\\","<script src=\"assets.test.js\"></script>\\n\\","<!-- utility2-comment\\n\\","{{/if isRollup}}\\n\\","utility2-comment -->\\n\\","<div class=\"utility2FooterDiv\">\\n\\","    [ this app was created with\\n\\","    <a href=\"https://github.com/kaizhu256/node-utility2\" target=\"_blank\">utility2</a>\\n\\","    ]\\n\\","</div>\\n\\","</body>\\n\\","</html>\\n\\","';","        /* jslint-ignore-end */","        if (local.templateRender) {","            local.assetsDict['/'] = local.templateRender(","                local.assetsDict['/assets.index.template.html'],","                {","                    env: local.objectSetDefault(local.env, {","                        npm_package_description: 'the greatest app in the world!',","                        npm_package_name: 'my-app',","                        npm_package_nameAlias: 'my_app',","                        npm_package_version: '0.0.1'","                    })","                }","            );","        } else {","            local.assetsDict['/'] = local.assetsDict['/assets.index.template.html']","                .replace((/\\{\\{env\\.(\\w+?)\\}\\}/g), function (match0, match1) {","                    // jslint-hack","                    String(match0);","                    switch (match1) {","                    case 'npm_package_description':","                        return 'the greatest app in the world!';","                    case 'npm_package_name':","                        return 'my-app';","                    case 'npm_package_nameAlias':","                        return 'my_app';","                    case 'npm_package_version':","                        return '0.0.1';","                    }","                });","        }","        // run the cli","        if (local.global.utility2_rollup || module !== require.main) {","            break;","        }","        local.assetsDict['/assets.example.js'] =","            local.assetsDict['/assets.example.js'] ||","            local.fs.readFileSync(__filename, 'utf8');","        // bug-workaround - long $npm_package_buildCustomOrg","        /* jslint-ignore-begin */","        local.assetsDict['/assets.npmtest_rbush.rollup.js'] =","            local.assetsDict['/assets.npmtest_rbush.rollup.js'] ||","            local.fs.readFileSync(","                local.npmtest_rbush.__dirname + '/lib.npmtest_rbush.js',","                'utf8'","            ).replace((/^#!/), '//');","        /* jslint-ignore-end */","        local.assetsDict['/favicon.ico'] = local.assetsDict['/favicon.ico'] || '';","        // if $npm_config_timeout_exit exists,","        // then exit this process after $npm_config_timeout_exit ms","        if (Number(process.env.npm_config_timeout_exit)) {","            setTimeout(process.exit, Number(process.env.npm_config_timeout_exit));","        }","        // start server","        if (local.global.utility2_serverHttp1) {","            break;","        }","        process.env.PORT = process.env.PORT || '8081';","        console.error('server starting on port ' + process.env.PORT);","        local.http.createServer(function (request, response) {","            request.urlParsed = local.url.parse(request.url);","            if (local.assetsDict[request.urlParsed.pathname] !== undefined) {","                response.end(local.assetsDict[request.urlParsed.pathname]);","                return;","            }","            response.statusCode = 404;","            response.end();","        }).listen(process.env.PORT);","        break;","    }","}());",""],"l":{"26":2,"28":2,"33":2,"35":2,"37":2,"38":2,"39":2,"44":1,"51":2,"55":2,"59":2,"61":2,"69":1,"70":2,"76":2,"79":2,"82":2,"83":2,"85":1,"89":2,"92":1,"93":1,"94":1,"96":1,"97":1,"100":1,"101":1,"103":1,"106":1,"108":2,"114":1,"116":1,"118":1,"123":1,"124":2,"125":2,"126":3,"127":3,"128":3,"129":3,"130":1,"133":3,"134":3,"139":3,"143":1,"144":3,"145":1,"149":1,"150":1,"158":1,"160":1,"161":1,"162":1,"164":1,"166":1,"258":1,"259":1,"271":1,"274":6,"275":6,"277":1,"279":2,"281":1,"283":2,"288":1,"289":1,"291":1,"296":1,"303":1,"306":1,"307":1,"310":1,"311":1,"313":1,"314":1,"315":1,"316":1,"317":1,"318":1,"319":1,"321":1,"322":1,"324":1}},"/home/travis/build/npmtest/node-npmtest-rbush/node_modules/rbush/index.js":{"path":"/home/travis/build/npmtest/node-npmtest-rbush/node_modules/rbush/index.js","s":{"1":1,"2":1,"3":1,"4":0,"5":0,"6":0,"7":0,"8":0,"9":0,"10":0,"11":1,"12":0,"13":0,"14":0,"15":0,"16":0,"17":0,"18":0,"19":0,"20":0,"21":0,"22":0,"23":0,"24":0,"25":0,"26":0,"27":0,"28":0,"29":0,"30":0,"31":0,"32":0,"33":0,"34":0,"35":0,"36":0,"37":0,"38":0,"39":0,"40":0,"41":0,"42":0,"43":0,"44":0,"45":0,"46":0,"47":0,"48":0,"49":0,"50":0,"51":0,"52":0,"53":0,"54":0,"55":0,"56":0,"57":0,"58":0,"59":0,"60":0,"61":0,"62":0,"63":0,"64":0,"65":0,"66":0,"67":0,"68":0,"69":0,"70":0,"71":0,"72":0,"73":0,"74":0,"75":0,"76":0,"77":0,"78":0,"79":0,"80":0,"81":0,"82":0,"83":0,"84":0,"85":0,"86":0,"87":0,"88":0,"89":0,"90":0,"91":0,"92":0,"93":0,"94":0,"95":0,"96":0,"97":0,"98":0,"99":0,"100":0,"101":0,"102":0,"103":0,"104":0,"105":0,"106":0,"107":0,"108":0,"109":0,"110":0,"111":0,"112":0,"113":0,"114":0,"115":0,"116":0,"117":0,"118":0,"119":0,"120":0,"121":0,"122":0,"123":0,"124":0,"125":0,"126":0,"127":0,"128":0,"129":0,"130":0,"131":0,"132":0,"133":0,"134":0,"135":0,"136":0,"137":0,"138":0,"139":0,"140":0,"141":0,"142":0,"143":0,"144":0,"145":0,"146":0,"147":0,"148":0,"149":0,"150":0,"151":0,"152":0,"153":0,"154":0,"155":0,"156":0,"157":0,"158":0,"159":0,"160":0,"161":0,"162":0,"163":0,"164":0,"165":0,"166":0,"167":0,"168":0,"169":0,"170":0,"171":0,"172":0,"173":0,"174":0,"175":0,"176":0,"177":0,"178":0,"179":0,"180":0,"181":0,"182":0,"183":0,"184":0,"185":0,"186":0,"187":0,"188":0,"189":0,"190":0,"191":0,"192":0,"193":0,"194":0,"195":0,"196":0,"197":0,"198":0,"199":0,"200":0,"201":0,"202":0,"203":0,"204":0,"205":0,"206":0,"207":0,"208":0,"209":0,"210":0,"211":0,"212":0,"213":1,"214":0,"215":0,"216":0,"217":0,"218":0,"219":0,"220":1,"221":0,"222":1,"223":0,"224":0,"225":0,"226":0,"227":0,"228":0,"229":0,"230":0,"231":0,"232":0,"233":1,"234":0,"235":0,"236":0,"237":0,"238":0,"239":1,"240":0,"241":1,"242":0,"243":1,"244":0,"245":1,"246":0,"247":1,"248":0,"249":1,"250":0,"251":0,"252":1,"253":0,"254":1,"255":0,"256":1,"257":0,"258":1,"259":0,"260":0,"261":0,"262":0,"263":0,"264":0,"265":0,"266":0,"267":0},"b":{"1":[0,0],"2":[0,0],"3":[0,0],"4":[0,0],"5":[0,0],"6":[0,0],"7":[0,0],"8":[0,0],"9":[0,0],"10":[0,0],"11":[0,0],"12":[0,0],"13":[0,0],"14":[0,0],"15":[0,0],"16":[0,0],"17":[0,0],"18":[0,0],"19":[0,0],"20":[0,0],"21":[0,0],"22":[0,0],"23":[0,0],"24":[0,0],"25":[0,0],"26":[0,0],"27":[0,0,0],"28":[0,0],"29":[0,0],"30":[0,0],"31":[0,0],"32":[0,0],"33":[0,0],"34":[0,0],"35":[0,0],"36":[0,0],"37":[0,0],"38":[0,0],"39":[0,0],"40":[0,0],"41":[0,0],"42":[0,0],"43":[0,0],"44":[0,0],"45":[0,0],"46":[0,0],"47":[0,0],"48":[0,0],"49":[0,0],"50":[0,0],"51":[0,0],"52":[0,0],"53":[0,0],"54":[0,0],"55":[0,0],"56":[0,0],"57":[0,0,0,0],"58":[0,0,0,0],"59":[0,0]},"f":{"1":0,"2":0,"3":0,"4":0,"5":0,"6":0,"7":0,"8":0,"9":0,"10":0,"11":0,"12":0,"13":0,"14":0,"15":0,"16":0,"17":0,"18":0,"19":0,"20":0,"21":0,"22":0,"23":0,"24":0,"25":0,"26":0,"27":0,"28":0,"29":0,"30":0,"31":0,"32":0,"33":0,"34":0,"35":0,"36":0,"37":0},"fnMap":{"1":{"name":"rbush","line":7,"loc":{"start":{"line":7,"column":0},"end":{"line":7,"column":35}}},"2":{"name":"(anonymous_2)","line":23,"loc":{"start":{"line":23,"column":9},"end":{"line":23,"column":21}}},"3":{"name":"(anonymous_3)","line":27,"loc":{"start":{"line":27,"column":12},"end":{"line":27,"column":28}}},"4":{"name":"(anonymous_4)","line":56,"loc":{"start":{"line":56,"column":14},"end":{"line":56,"column":30}}},"5":{"name":"(anonymous_5)","line":83,"loc":{"start":{"line":83,"column":10},"end":{"line":83,"column":26}}},"6":{"name":"(anonymous_6)","line":119,"loc":{"start":{"line":119,"column":12},"end":{"line":119,"column":28}}},"7":{"name":"(anonymous_7)","line":124,"loc":{"start":{"line":124,"column":11},"end":{"line":124,"column":23}}},"8":{"name":"(anonymous_8)","line":129,"loc":{"start":{"line":129,"column":12},"end":{"line":129,"column":38}}},"9":{"name":"(anonymous_9)","line":178,"loc":{"start":{"line":178,"column":12},"end":{"line":178,"column":28}}},"10":{"name":"(anonymous_10)","line":183,"loc":{"start":{"line":183,"column":12},"end":{"line":183,"column":24}}},"11":{"name":"(anonymous_11)","line":185,"loc":{"start":{"line":185,"column":14},"end":{"line":185,"column":30}}},"12":{"name":"(anonymous_12)","line":190,"loc":{"start":{"line":190,"column":10},"end":{"line":190,"column":34}}},"13":{"name":"(anonymous_13)","line":201,"loc":{"start":{"line":201,"column":12},"end":{"line":201,"column":50}}},"14":{"name":"(anonymous_14)","line":254,"loc":{"start":{"line":254,"column":20},"end":{"line":254,"column":55}}},"15":{"name":"(anonymous_15)","line":291,"loc":{"start":{"line":291,"column":13},"end":{"line":291,"column":44}}},"16":{"name":"(anonymous_16)","line":317,"loc":{"start":{"line":317,"column":12},"end":{"line":317,"column":41}}},"17":{"name":"(anonymous_17)","line":338,"loc":{"start":{"line":338,"column":16},"end":{"line":338,"column":41}}},"18":{"name":"(anonymous_18)","line":346,"loc":{"start":{"line":346,"column":23},"end":{"line":346,"column":45}}},"19":{"name":"(anonymous_19)","line":379,"loc":{"start":{"line":379,"column":22},"end":{"line":379,"column":44}}},"20":{"name":"(anonymous_20)","line":392,"loc":{"start":{"line":392,"column":20},"end":{"line":392,"column":51}}},"21":{"name":"(anonymous_21)","line":417,"loc":{"start":{"line":417,"column":25},"end":{"line":417,"column":54}}},"22":{"name":"(anonymous_22)","line":424,"loc":{"start":{"line":424,"column":15},"end":{"line":424,"column":31}}},"23":{"name":"(anonymous_23)","line":438,"loc":{"start":{"line":438,"column":17},"end":{"line":438,"column":35}}},"24":{"name":"findItem","line":458,"loc":{"start":{"line":458,"column":0},"end":{"line":458,"column":41}}},"25":{"name":"calcBBox","line":468,"loc":{"start":{"line":468,"column":0},"end":{"line":468,"column":32}}},"26":{"name":"distBBox","line":473,"loc":{"start":{"line":473,"column":0},"end":{"line":473,"column":48}}},"27":{"name":"extend","line":488,"loc":{"start":{"line":488,"column":0},"end":{"line":488,"column":22}}},"28":{"name":"compareNodeMinX","line":496,"loc":{"start":{"line":496,"column":0},"end":{"line":496,"column":31}}},"29":{"name":"compareNodeMinY","line":497,"loc":{"start":{"line":497,"column":0},"end":{"line":497,"column":31}}},"30":{"name":"bboxArea","line":499,"loc":{"start":{"line":499,"column":0},"end":{"line":499,"column":23}}},"31":{"name":"bboxMargin","line":500,"loc":{"start":{"line":500,"column":0},"end":{"line":500,"column":23}}},"32":{"name":"enlargedArea","line":502,"loc":{"start":{"line":502,"column":0},"end":{"line":502,"column":28}}},"33":{"name":"intersectionArea","line":507,"loc":{"start":{"line":507,"column":0},"end":{"line":507,"column":32}}},"34":{"name":"contains","line":517,"loc":{"start":{"line":517,"column":0},"end":{"line":517,"column":24}}},"35":{"name":"intersects","line":524,"loc":{"start":{"line":524,"column":0},"end":{"line":524,"column":26}}},"36":{"name":"createNode","line":531,"loc":{"start":{"line":531,"column":0},"end":{"line":531,"column":30}}},"37":{"name":"multiSelect","line":546,"loc":{"start":{"line":546,"column":0},"end":{"line":546,"column":51}}}},"statementMap":{"1":{"start":{"line":3,"column":0},"end":{"line":3,"column":23}},"2":{"start":{"line":5,"column":0},"end":{"line":5,"column":41}},"3":{"start":{"line":7,"column":0},"end":{"line":19,"column":1}},"4":{"start":{"line":8,"column":4},"end":{"line":8,"column":71}},"5":{"start":{"line":8,"column":34},"end":{"line":8,"column":71}},"6":{"start":{"line":11,"column":4},"end":{"line":11,"column":52}},"7":{"start":{"line":12,"column":4},"end":{"line":12,"column":70}},"8":{"start":{"line":14,"column":4},"end":{"line":16,"column":5}},"9":{"start":{"line":15,"column":8},"end":{"line":15,"column":33}},"10":{"start":{"line":18,"column":4},"end":{"line":18,"column":17}},"11":{"start":{"line":21,"column":0},"end":{"line":456,"column":2}},"12":{"start":{"line":24,"column":8},"end":{"line":24,"column":40}},"13":{"start":{"line":29,"column":8},"end":{"line":31,"column":33}},"14":{"start":{"line":33,"column":8},"end":{"line":33,"column":51}},"15":{"start":{"line":33,"column":37},"end":{"line":33,"column":51}},"16":{"start":{"line":35,"column":8},"end":{"line":36,"column":37}},"17":{"start":{"line":38,"column":8},"end":{"line":51,"column":9}},"18":{"start":{"line":39,"column":12},"end":{"line":49,"column":13}},"19":{"start":{"line":41,"column":16},"end":{"line":41,"column":41}},"20":{"start":{"line":42,"column":16},"end":{"line":42,"column":62}},"21":{"start":{"line":44,"column":16},"end":{"line":48,"column":17}},"22":{"start":{"line":45,"column":20},"end":{"line":47,"column":51}},"23":{"start":{"line":45,"column":35},"end":{"line":45,"column":54}},"24":{"start":{"line":46,"column":25},"end":{"line":47,"column":51}},"25":{"start":{"line":46,"column":56},"end":{"line":46,"column":81}},"26":{"start":{"line":47,"column":25},"end":{"line":47,"column":51}},"27":{"start":{"line":50,"column":12},"end":{"line":50,"column":39}},"28":{"start":{"line":53,"column":8},"end":{"line":53,"column":22}},"29":{"start":{"line":58,"column":8},"end":{"line":59,"column":33}},"30":{"start":{"line":61,"column":8},"end":{"line":61,"column":50}},"31":{"start":{"line":61,"column":37},"end":{"line":61,"column":50}},"32":{"start":{"line":63,"column":8},"end":{"line":64,"column":37}},"33":{"start":{"line":66,"column":8},"end":{"line":78,"column":9}},"34":{"start":{"line":67,"column":12},"end":{"line":76,"column":13}},"35":{"start":{"line":69,"column":16},"end":{"line":69,"column":41}},"36":{"start":{"line":70,"column":16},"end":{"line":70,"column":62}},"37":{"start":{"line":72,"column":16},"end":{"line":75,"column":17}},"38":{"start":{"line":73,"column":20},"end":{"line":73,"column":76}},"39":{"start":{"line":73,"column":64},"end":{"line":73,"column":76}},"40":{"start":{"line":74,"column":20},"end":{"line":74,"column":46}},"41":{"start":{"line":77,"column":12},"end":{"line":77,"column":39}},"42":{"start":{"line":80,"column":8},"end":{"line":80,"column":21}},"43":{"start":{"line":84,"column":8},"end":{"line":84,"column":48}},"44":{"start":{"line":84,"column":36},"end":{"line":84,"column":48}},"45":{"start":{"line":86,"column":8},"end":{"line":91,"column":9}},"46":{"start":{"line":87,"column":12},"end":{"line":89,"column":13}},"47":{"start":{"line":88,"column":16},"end":{"line":88,"column":37}},"48":{"start":{"line":90,"column":12},"end":{"line":90,"column":24}},"49":{"start":{"line":94,"column":8},"end":{"line":94,"column":68}},"50":{"start":{"line":96,"column":8},"end":{"line":114,"column":9}},"51":{"start":{"line":98,"column":12},"end":{"line":98,"column":29}},"52":{"start":{"line":100,"column":15},"end":{"line":114,"column":9}},"53":{"start":{"line":102,"column":12},"end":{"line":102,"column":45}},"54":{"start":{"line":105,"column":12},"end":{"line":110,"column":13}},"55":{"start":{"line":107,"column":16},"end":{"line":107,"column":40}},"56":{"start":{"line":108,"column":16},"end":{"line":108,"column":33}},"57":{"start":{"line":109,"column":16},"end":{"line":109,"column":31}},"58":{"start":{"line":113,"column":12},"end":{"line":113,"column":73}},"59":{"start":{"line":116,"column":8},"end":{"line":116,"column":20}},"60":{"start":{"line":120,"column":8},"end":{"line":120,"column":59}},"61":{"start":{"line":120,"column":18},"end":{"line":120,"column":59}},"62":{"start":{"line":121,"column":8},"end":{"line":121,"column":20}},"63":{"start":{"line":125,"column":8},"end":{"line":125,"column":35}},"64":{"start":{"line":126,"column":8},"end":{"line":126,"column":20}},"65":{"start":{"line":130,"column":8},"end":{"line":130,"column":31}},"66":{"start":{"line":130,"column":19},"end":{"line":130,"column":31}},"67":{"start":{"line":132,"column":8},"end":{"line":136,"column":38}},"68":{"start":{"line":139,"column":8},"end":{"line":173,"column":9}},"69":{"start":{"line":141,"column":12},"end":{"line":146,"column":13}},"70":{"start":{"line":142,"column":16},"end":{"line":142,"column":34}},"71":{"start":{"line":143,"column":16},"end":{"line":143,"column":47}},"72":{"start":{"line":144,"column":16},"end":{"line":144,"column":34}},"73":{"start":{"line":145,"column":16},"end":{"line":145,"column":31}},"74":{"start":{"line":148,"column":12},"end":{"line":158,"column":13}},"75":{"start":{"line":149,"column":16},"end":{"line":149,"column":64}},"76":{"start":{"line":151,"column":16},"end":{"line":157,"column":17}},"77":{"start":{"line":153,"column":20},"end":{"line":153,"column":51}},"78":{"start":{"line":154,"column":20},"end":{"line":154,"column":36}},"79":{"start":{"line":155,"column":20},"end":{"line":155,"column":41}},"80":{"start":{"line":156,"column":20},"end":{"line":156,"column":32}},"81":{"start":{"line":160,"column":12},"end":{"line":172,"column":31}},"82":{"start":{"line":161,"column":16},"end":{"line":161,"column":32}},"83":{"start":{"line":162,"column":16},"end":{"line":162,"column":32}},"84":{"start":{"line":163,"column":16},"end":{"line":163,"column":22}},"85":{"start":{"line":164,"column":16},"end":{"line":164,"column":30}},"86":{"start":{"line":165,"column":16},"end":{"line":165,"column":40}},"87":{"start":{"line":167,"column":19},"end":{"line":172,"column":31}},"88":{"start":{"line":168,"column":16},"end":{"line":168,"column":20}},"89":{"start":{"line":169,"column":16},"end":{"line":169,"column":42}},"90":{"start":{"line":170,"column":16},"end":{"line":170,"column":32}},"91":{"start":{"line":172,"column":19},"end":{"line":172,"column":31}},"92":{"start":{"line":175,"column":8},"end":{"line":175,"column":20}},"93":{"start":{"line":178,"column":30},"end":{"line":178,"column":42}},"94":{"start":{"line":183,"column":26},"end":{"line":183,"column":43}},"95":{"start":{"line":186,"column":8},"end":{"line":186,"column":25}},"96":{"start":{"line":187,"column":8},"end":{"line":187,"column":20}},"97":{"start":{"line":191,"column":8},"end":{"line":191,"column":31}},"98":{"start":{"line":192,"column":8},"end":{"line":197,"column":9}},"99":{"start":{"line":193,"column":12},"end":{"line":194,"column":72}},"100":{"start":{"line":193,"column":27},"end":{"line":193,"column":68}},"101":{"start":{"line":194,"column":17},"end":{"line":194,"column":72}},"102":{"start":{"line":196,"column":12},"end":{"line":196,"column":39}},"103":{"start":{"line":198,"column":8},"end":{"line":198,"column":22}},"104":{"start":{"line":203,"column":8},"end":{"line":205,"column":17}},"105":{"start":{"line":207,"column":8},"end":{"line":212,"column":9}},"106":{"start":{"line":209,"column":12},"end":{"line":209,"column":60}},"107":{"start":{"line":210,"column":12},"end":{"line":210,"column":40}},"108":{"start":{"line":211,"column":12},"end":{"line":211,"column":24}},"109":{"start":{"line":214,"column":8},"end":{"line":220,"column":9}},"110":{"start":{"line":216,"column":12},"end":{"line":216,"column":58}},"111":{"start":{"line":219,"column":12},"end":{"line":219,"column":55}},"112":{"start":{"line":222,"column":8},"end":{"line":222,"column":30}},"113":{"start":{"line":223,"column":8},"end":{"line":223,"column":26}},"114":{"start":{"line":224,"column":8},"end":{"line":224,"column":29}},"115":{"start":{"line":228,"column":8},"end":{"line":230,"column":33}},"116":{"start":{"line":232,"column":8},"end":{"line":232,"column":62}},"117":{"start":{"line":234,"column":8},"end":{"line":247,"column":9}},"118":{"start":{"line":236,"column":12},"end":{"line":236,"column":49}},"119":{"start":{"line":238,"column":12},"end":{"line":238,"column":64}},"120":{"start":{"line":240,"column":12},"end":{"line":246,"column":13}},"121":{"start":{"line":242,"column":16},"end":{"line":242,"column":54}},"122":{"start":{"line":245,"column":16},"end":{"line":245,"column":78}},"123":{"start":{"line":249,"column":8},"end":{"line":249,"column":36}},"124":{"start":{"line":251,"column":8},"end":{"line":251,"column":20}},"125":{"start":{"line":256,"column":8},"end":{"line":256,"column":82}},"126":{"start":{"line":258,"column":8},"end":{"line":286,"column":9}},"127":{"start":{"line":259,"column":12},"end":{"line":259,"column":28}},"128":{"start":{"line":261,"column":12},"end":{"line":261,"column":62}},"129":{"start":{"line":261,"column":56},"end":{"line":261,"column":62}},"130":{"start":{"line":263,"column":12},"end":{"line":263,"column":48}},"131":{"start":{"line":265,"column":12},"end":{"line":283,"column":13}},"132":{"start":{"line":266,"column":16},"end":{"line":266,"column":41}},"133":{"start":{"line":267,"column":16},"end":{"line":267,"column":39}},"134":{"start":{"line":268,"column":16},"end":{"line":268,"column":63}},"135":{"start":{"line":271,"column":16},"end":{"line":282,"column":17}},"136":{"start":{"line":272,"column":20},"end":{"line":272,"column":49}},"137":{"start":{"line":273,"column":20},"end":{"line":273,"column":62}},"138":{"start":{"line":274,"column":20},"end":{"line":274,"column":39}},"139":{"start":{"line":276,"column":23},"end":{"line":282,"column":17}},"140":{"start":{"line":278,"column":20},"end":{"line":281,"column":21}},"141":{"start":{"line":279,"column":24},"end":{"line":279,"column":39}},"142":{"start":{"line":280,"column":24},"end":{"line":280,"column":43}},"143":{"start":{"line":285,"column":12},"end":{"line":285,"column":50}},"144":{"start":{"line":288,"column":8},"end":{"line":288,"column":20}},"145":{"start":{"line":293,"column":8},"end":{"line":295,"column":28}},"146":{"start":{"line":298,"column":8},"end":{"line":298,"column":75}},"147":{"start":{"line":301,"column":8},"end":{"line":301,"column":33}},"148":{"start":{"line":302,"column":8},"end":{"line":302,"column":27}},"149":{"start":{"line":305,"column":8},"end":{"line":310,"column":9}},"150":{"start":{"line":306,"column":12},"end":{"line":309,"column":25}},"151":{"start":{"line":307,"column":16},"end":{"line":307,"column":47}},"152":{"start":{"line":308,"column":16},"end":{"line":308,"column":24}},"153":{"start":{"line":309,"column":19},"end":{"line":309,"column":25}},"154":{"start":{"line":313,"column":8},"end":{"line":313,"column":58}},"155":{"start":{"line":319,"column":8},"end":{"line":321,"column":33}},"156":{"start":{"line":323,"column":8},"end":{"line":323,"column":42}},"157":{"start":{"line":325,"column":8},"end":{"line":325,"column":60}},"158":{"start":{"line":327,"column":8},"end":{"line":327,"column":102}},"159":{"start":{"line":328,"column":8},"end":{"line":328,"column":37}},"160":{"start":{"line":329,"column":8},"end":{"line":329,"column":33}},"161":{"start":{"line":331,"column":8},"end":{"line":331,"column":36}},"162":{"start":{"line":332,"column":8},"end":{"line":332,"column":39}},"163":{"start":{"line":334,"column":8},"end":{"line":335,"column":44}},"164":{"start":{"line":334,"column":19},"end":{"line":334,"column":64}},"165":{"start":{"line":335,"column":13},"end":{"line":335,"column":44}},"166":{"start":{"line":340,"column":8},"end":{"line":340,"column":48}},"167":{"start":{"line":341,"column":8},"end":{"line":341,"column":43}},"168":{"start":{"line":342,"column":8},"end":{"line":342,"column":31}},"169":{"start":{"line":343,"column":8},"end":{"line":343,"column":41}},"170":{"start":{"line":348,"column":8},"end":{"line":348,"column":71}},"171":{"start":{"line":350,"column":8},"end":{"line":350,"column":40}},"172":{"start":{"line":352,"column":8},"end":{"line":373,"column":9}},"173":{"start":{"line":353,"column":12},"end":{"line":353,"column":54}},"174":{"start":{"line":354,"column":12},"end":{"line":354,"column":54}},"175":{"start":{"line":356,"column":12},"end":{"line":356,"column":53}},"176":{"start":{"line":357,"column":12},"end":{"line":357,"column":53}},"177":{"start":{"line":360,"column":12},"end":{"line":372,"column":13}},"178":{"start":{"line":361,"column":16},"end":{"line":361,"column":37}},"179":{"start":{"line":362,"column":16},"end":{"line":362,"column":26}},"180":{"start":{"line":364,"column":16},"end":{"line":364,"column":58}},"181":{"start":{"line":366,"column":19},"end":{"line":372,"column":13}},"182":{"start":{"line":368,"column":16},"end":{"line":371,"column":17}},"183":{"start":{"line":369,"column":20},"end":{"line":369,"column":35}},"184":{"start":{"line":370,"column":20},"end":{"line":370,"column":30}},"185":{"start":{"line":375,"column":8},"end":{"line":375,"column":21}},"186":{"start":{"line":381,"column":8},"end":{"line":384,"column":67}},"187":{"start":{"line":388,"column":8},"end":{"line":388,"column":63}},"188":{"start":{"line":388,"column":31},"end":{"line":388,"column":63}},"189":{"start":{"line":394,"column":8},"end":{"line":394,"column":36}},"190":{"start":{"line":396,"column":8},"end":{"line":400,"column":21}},"191":{"start":{"line":402,"column":8},"end":{"line":406,"column":9}},"192":{"start":{"line":403,"column":12},"end":{"line":403,"column":37}},"193":{"start":{"line":404,"column":12},"end":{"line":404,"column":64}},"194":{"start":{"line":405,"column":12},"end":{"line":405,"column":43}},"195":{"start":{"line":408,"column":8},"end":{"line":412,"column":9}},"196":{"start":{"line":409,"column":12},"end":{"line":409,"column":37}},"197":{"start":{"line":410,"column":12},"end":{"line":410,"column":65}},"198":{"start":{"line":411,"column":12},"end":{"line":411,"column":44}},"199":{"start":{"line":414,"column":8},"end":{"line":414,"column":22}},"200":{"start":{"line":419,"column":8},"end":{"line":421,"column":9}},"201":{"start":{"line":420,"column":12},"end":{"line":420,"column":34}},"202":{"start":{"line":426,"column":8},"end":{"line":435,"column":9}},"203":{"start":{"line":427,"column":12},"end":{"line":434,"column":50}},"204":{"start":{"line":428,"column":16},"end":{"line":432,"column":36}},"205":{"start":{"line":429,"column":20},"end":{"line":429,"column":52}},"206":{"start":{"line":430,"column":20},"end":{"line":430,"column":66}},"207":{"start":{"line":432,"column":23},"end":{"line":432,"column":36}},"208":{"start":{"line":434,"column":19},"end":{"line":434,"column":50}},"209":{"start":{"line":445,"column":8},"end":{"line":445,"column":51}},"210":{"start":{"line":447,"column":8},"end":{"line":447,"column":78}},"211":{"start":{"line":448,"column":8},"end":{"line":448,"column":78}},"212":{"start":{"line":450,"column":8},"end":{"line":454,"column":44}},"213":{"start":{"line":458,"column":0},"end":{"line":465,"column":1}},"214":{"start":{"line":459,"column":4},"end":{"line":459,"column":46}},"215":{"start":{"line":459,"column":19},"end":{"line":459,"column":46}},"216":{"start":{"line":461,"column":4},"end":{"line":463,"column":5}},"217":{"start":{"line":462,"column":8},"end":{"line":462,"column":47}},"218":{"start":{"line":462,"column":38},"end":{"line":462,"column":47}},"219":{"start":{"line":464,"column":4},"end":{"line":464,"column":14}},"220":{"start":{"line":468,"column":0},"end":{"line":470,"column":1}},"221":{"start":{"line":469,"column":4},"end":{"line":469,"column":58}},"222":{"start":{"line":473,"column":0},"end":{"line":486,"column":1}},"223":{"start":{"line":474,"column":4},"end":{"line":474,"column":47}},"224":{"start":{"line":474,"column":19},"end":{"line":474,"column":47}},"225":{"start":{"line":475,"column":4},"end":{"line":475,"column":29}},"226":{"start":{"line":476,"column":4},"end":{"line":476,"column":29}},"227":{"start":{"line":477,"column":4},"end":{"line":477,"column":30}},"228":{"start":{"line":478,"column":4},"end":{"line":478,"column":30}},"229":{"start":{"line":480,"column":4},"end":{"line":483,"column":5}},"230":{"start":{"line":481,"column":8},"end":{"line":481,"column":33}},"231":{"start":{"line":482,"column":8},"end":{"line":482,"column":60}},"232":{"start":{"line":485,"column":4},"end":{"line":485,"column":20}},"233":{"start":{"line":488,"column":0},"end":{"line":494,"column":1}},"234":{"start":{"line":489,"column":4},"end":{"line":489,"column":38}},"235":{"start":{"line":490,"column":4},"end":{"line":490,"column":38}},"236":{"start":{"line":491,"column":4},"end":{"line":491,"column":38}},"237":{"start":{"line":492,"column":4},"end":{"line":492,"column":38}},"238":{"start":{"line":493,"column":4},"end":{"line":493,"column":13}},"239":{"start":{"line":496,"column":0},"end":{"line":496,"column":58}},"240":{"start":{"line":496,"column":33},"end":{"line":496,"column":56}},"241":{"start":{"line":497,"column":0},"end":{"line":497,"column":58}},"242":{"start":{"line":497,"column":33},"end":{"line":497,"column":56}},"243":{"start":{"line":499,"column":0},"end":{"line":499,"column":72}},"244":{"start":{"line":499,"column":25},"end":{"line":499,"column":70}},"245":{"start":{"line":500,"column":0},"end":{"line":500,"column":72}},"246":{"start":{"line":500,"column":25},"end":{"line":500,"column":70}},"247":{"start":{"line":502,"column":0},"end":{"line":505,"column":1}},"248":{"start":{"line":503,"column":4},"end":{"line":504,"column":65}},"249":{"start":{"line":507,"column":0},"end":{"line":515,"column":1}},"250":{"start":{"line":508,"column":4},"end":{"line":511,"column":40}},"251":{"start":{"line":513,"column":4},"end":{"line":514,"column":36}},"252":{"start":{"line":517,"column":0},"end":{"line":522,"column":1}},"253":{"start":{"line":518,"column":4},"end":{"line":521,"column":28}},"254":{"start":{"line":524,"column":0},"end":{"line":529,"column":1}},"255":{"start":{"line":525,"column":4},"end":{"line":528,"column":28}},"256":{"start":{"line":531,"column":0},"end":{"line":541,"column":1}},"257":{"start":{"line":532,"column":4},"end":{"line":540,"column":6}},"258":{"start":{"line":546,"column":0},"end":{"line":561,"column":1}},"259":{"start":{"line":547,"column":4},"end":{"line":548,"column":12}},"260":{"start":{"line":550,"column":4},"end":{"line":560,"column":5}},"261":{"start":{"line":551,"column":8},"end":{"line":551,"column":28}},"262":{"start":{"line":552,"column":8},"end":{"line":552,"column":27}},"263":{"start":{"line":554,"column":8},"end":{"line":554,"column":40}},"264":{"start":{"line":554,"column":31},"end":{"line":554,"column":40}},"265":{"start":{"line":556,"column":8},"end":{"line":556,"column":59}},"266":{"start":{"line":557,"column":8},"end":{"line":557,"column":52}},"267":{"start":{"line":559,"column":8},"end":{"line":559,"column":42}}},"branchMap":{"1":{"line":8,"type":"if","locations":[{"start":{"line":8,"column":4},"end":{"line":8,"column":4}},{"start":{"line":8,"column":4},"end":{"line":8,"column":4}}]},"2":{"line":11,"type":"binary-expr","locations":[{"start":{"line":11,"column":35},"end":{"line":11,"column":45}},{"start":{"line":11,"column":49},"end":{"line":11,"column":50}}]},"3":{"line":14,"type":"if","locations":[{"start":{"line":14,"column":4},"end":{"line":14,"column":4}},{"start":{"line":14,"column":4},"end":{"line":14,"column":4}}]},"4":{"line":33,"type":"if","locations":[{"start":{"line":33,"column":8},"end":{"line":33,"column":8}},{"start":{"line":33,"column":8},"end":{"line":33,"column":8}}]},"5":{"line":42,"type":"cond-expr","locations":[{"start":{"line":42,"column":40},"end":{"line":42,"column":53}},{"start":{"line":42,"column":56},"end":{"line":42,"column":61}}]},"6":{"line":44,"type":"if","locations":[{"start":{"line":44,"column":16},"end":{"line":44,"column":16}},{"start":{"line":44,"column":16},"end":{"line":44,"column":16}}]},"7":{"line":45,"type":"if","locations":[{"start":{"line":45,"column":20},"end":{"line":45,"column":20}},{"start":{"line":45,"column":20},"end":{"line":45,"column":20}}]},"8":{"line":46,"type":"if","locations":[{"start":{"line":46,"column":25},"end":{"line":46,"column":25}},{"start":{"line":46,"column":25},"end":{"line":46,"column":25}}]},"9":{"line":61,"type":"if","locations":[{"start":{"line":61,"column":8},"end":{"line":61,"column":8}},{"start":{"line":61,"column":8},"end":{"line":61,"column":8}}]},"10":{"line":70,"type":"cond-expr","locations":[{"start":{"line":70,"column":40},"end":{"line":70,"column":53}},{"start":{"line":70,"column":56},"end":{"line":70,"column":61}}]},"11":{"line":72,"type":"if","locations":[{"start":{"line":72,"column":16},"end":{"line":72,"column":16}},{"start":{"line":72,"column":16},"end":{"line":72,"column":16}}]},"12":{"line":73,"type":"if","locations":[{"start":{"line":73,"column":20},"end":{"line":73,"column":20}},{"start":{"line":73,"column":20},"end":{"line":73,"column":20}}]},"13":{"line":73,"type":"binary-expr","locations":[{"start":{"line":73,"column":24},"end":{"line":73,"column":33}},{"start":{"line":73,"column":37},"end":{"line":73,"column":62}}]},"14":{"line":84,"type":"if","locations":[{"start":{"line":84,"column":8},"end":{"line":84,"column":8}},{"start":{"line":84,"column":8},"end":{"line":84,"column":8}}]},"15":{"line":84,"type":"binary-expr","locations":[{"start":{"line":84,"column":14},"end":{"line":84,"column":18}},{"start":{"line":84,"column":22},"end":{"line":84,"column":33}}]},"16":{"line":86,"type":"if","locations":[{"start":{"line":86,"column":8},"end":{"line":86,"column":8}},{"start":{"line":86,"column":8},"end":{"line":86,"column":8}}]},"17":{"line":96,"type":"if","locations":[{"start":{"line":96,"column":8},"end":{"line":96,"column":8}},{"start":{"line":96,"column":8},"end":{"line":96,"column":8}}]},"18":{"line":100,"type":"if","locations":[{"start":{"line":100,"column":15},"end":{"line":100,"column":15}},{"start":{"line":100,"column":15},"end":{"line":100,"column":15}}]},"19":{"line":105,"type":"if","locations":[{"start":{"line":105,"column":12},"end":{"line":105,"column":12}},{"start":{"line":105,"column":12},"end":{"line":105,"column":12}}]},"20":{"line":120,"type":"if","locations":[{"start":{"line":120,"column":8},"end":{"line":120,"column":8}},{"start":{"line":120,"column":8},"end":{"line":120,"column":8}}]},"21":{"line":130,"type":"if","locations":[{"start":{"line":130,"column":8},"end":{"line":130,"column":8}},{"start":{"line":130,"column":8},"end":{"line":130,"column":8}}]},"22":{"line":139,"type":"binary-expr","locations":[{"start":{"line":139,"column":15},"end":{"line":139,"column":19}},{"start":{"line":139,"column":23},"end":{"line":139,"column":34}}]},"23":{"line":141,"type":"if","locations":[{"start":{"line":141,"column":12},"end":{"line":141,"column":12}},{"start":{"line":141,"column":12},"end":{"lin
[...]
 var node = this.data,","            toBBox = this.toBBox;","","        if (!intersects(bbox, node)) return false;","","        var nodesToSearch = [],","            i, len, child, childBBox;","","        while (node) {","            for (i = 0, len = node.children.length; i < len; i++) {","","                child = node.children[i];","                childBBox = node.leaf ? toBBox(child) : child;","","                if (intersects(bbox, childBBox)) {","                    if (node.leaf || contains(bbox, childBBox)) return true;","                    nodesToSearch.push(child);","                }","            }","            node = nodesToSearch.pop();","        }","","        return false;","    },","","    load: function (data) {","        if (!(data && data.length)) return this;","","        if (data.length < this._minEntries) {","            for (var i = 0, len = data.length; i < len; i++) {","                this.insert(data[i]);","            }","            return this;","        }","","        // recursively build the tree with the given data from stratch using OMT algorithm","        var node = this._build(data.slice(), 0, data.length - 1, 0);","","        if (!this.data.children.length) {","            // save as is if tree is empty","            this.data = node;","","        } else if (this.data.height === node.height) {","            // split root if trees have the same height","            this._splitRoot(this.data, node);","","        } else {","            if (this.data.height < node.height) {","                // swap trees if inserted one is bigger","                var tmpNode = this.data;","                this.data = node;","                node = tmpNode;","            }","","            // insert the small tree into the large tree at appropriate level","            this._insert(node, this.data.height - node.height - 1, true);","        }","","        return this;","    },","","    insert: function (item) {","        if (item) this._insert(item, this.data.height - 1);","        return this;","    },","","    clear: function () {","        this.data = createNode([]);","        return this;","    },","","    remove: function (item, equalsFn) {","        if (!item) return this;","","        var node = this.data,","            bbox = this.toBBox(item),","            path = [],","            indexes = [],","            i, parent, index, goingUp;","","        // depth-first iterative tree traversal","        while (node || path.length) {","","            if (!node) { // go up","                node = path.pop();","                parent = path[path.length - 1];","                i = indexes.pop();","                goingUp = true;","            }","","            if (node.leaf) { // check current node","                index = findItem(item, node.children, equalsFn);","","                if (index !== -1) {","                    // item found, remove the item and condense tree upwards","                    node.children.splice(index, 1);","                    path.push(node);","                    this._condense(path);","                    return this;","                }","            }","","            if (!goingUp && !node.leaf && contains(node, bbox)) { // go down","                path.push(node);","                indexes.push(i);","                i = 0;","                parent = node;","                node = node.children[0];","","            } else if (parent) { // go right","                i++;","                node = parent.children[i];","                goingUp = false;","","            } else node = null; // nothing found","        }","","        return this;","    },","","    toBBox: function (item) { return item; },","","    compareMinX: compareNodeMinX,","    compareMinY: compareNodeMinY,","","    toJSON: function () { return this.data; },","","    fromJSON: function (data) {","        this.data = data;","        return this;","    },","","    _all: function (node, result) {","        var nodesToSearch = [];","        while (node) {","            if (node.leaf) result.push.apply(result, node.children);","            else nodesToSearch.push.apply(nodesToSearch, node.children);","","            node = nodesToSearch.pop();","        }","        return result;","    },","","    _build: function (items, left, right, height) {","","        var N = right - left + 1,","            M = this._maxEntries,","            node;","","        if (N <= M) {","            // reached leaf level; return leaf","            node = createNode(items.slice(left, right + 1));","            calcBBox(node, this.toBBox);","            return node;","        }","","        if (!height) {","            // target height of the bulk-loaded tree","            height = Math.ceil(Math.log(N) / Math.log(M));","","            // target number of root entries to maximize storage utilization","            M = Math.ceil(N / Math.pow(M, height - 1));","        }","","        node = createNode([]);","        node.leaf = false;","        node.height = height;","","        // split the items into M mostly square tiles","","        var N2 = Math.ceil(N / M),","            N1 = N2 * Math.ceil(Math.sqrt(M)),","            i, j, right2, right3;","","        multiSelect(items, left, right, N1, this.compareMinX);","","        for (i = left; i <= right; i += N1) {","","            right2 = Math.min(i + N1 - 1, right);","","            multiSelect(items, i, right2, N2, this.compareMinY);","","            for (j = i; j <= right2; j += N2) {","","                right3 = Math.min(j + N2 - 1, right2);","","                // pack each entry recursively","                node.children.push(this._build(items, j, right3, height - 1));","            }","        }","","        calcBBox(node, this.toBBox);","","        return node;","    },","","    _chooseSubtree: function (bbox, node, level, path) {","","        var i, len, child, targetNode, area, enlargement, minArea, minEnlargement;","","        while (true) {","            path.push(node);","","            if (node.leaf || path.length - 1 === level) break;","","            minArea = minEnlargement = Infinity;","","            for (i = 0, len = node.children.length; i < len; i++) {","                child = node.children[i];","                area = bboxArea(child);","                enlargement = enlargedArea(bbox, child) - area;","","                // choose entry with the least area enlargement","                if (enlargement < minEnlargement) {","                    minEnlargement = enlargement;","                    minArea = area < minArea ? area : minArea;","                    targetNode = child;","","                } else if (enlargement === minEnlargement) {","                    // otherwise choose one with the smallest area","                    if (area < minArea) {","                        minArea = area;","                        targetNode = child;","                    }","                }","            }","","            node = targetNode || node.children[0];","        }","","        return node;","    },","","    _insert: function (item, level, isNode) {","","        var toBBox = this.toBBox,","            bbox = isNode ? item : toBBox(item),","            insertPath = [];","","        // find the best node for accommodating the item, saving all nodes along the path too","        var node = this._chooseSubtree(bbox, this.data, level, insertPath);","","        // put the item into the node","        node.children.push(item);","        extend(node, bbox);","","        // split on node overflow; propagate upwards if necessary","        while (level >= 0) {","            if (insertPath[level].children.length > this._maxEntries) {","                this._split(insertPath, level);","                level--;","            } else break;","        }","","        // adjust bboxes along the insertion path","        this._adjustParentBBoxes(bbox, insertPath, level);","    },","","    // split overflowed node into two","    _split: function (insertPath, level) {","","        var node = insertPath[level],","            M = node.children.length,","            m = this._minEntries;","","        this._chooseSplitAxis(node, m, M);","","        var splitIndex = this._chooseSplitIndex(node, m, M);","","        var newNode = createNode(node.children.splice(splitIndex, node.children.length - splitIndex));","        newNode.height = node.height;","        newNode.leaf = node.leaf;","","        calcBBox(node, this.toBBox);","        calcBBox(newNode, this.toBBox);","","        if (level) insertPath[level - 1].children.push(newNode);","        else this._splitRoot(node, newNode);","    },","","    _splitRoot: function (node, newNode) {","        // split root node","        this.data = createNode([node, newNode]);","        this.data.height = node.height + 1;","        this.data.leaf = false;","        calcBBox(this.data, this.toBBox);","    },","","    _chooseSplitIndex: function (node, m, M) {","","        var i, bbox1, bbox2, overlap, area, minOverlap, minArea, index;","","        minOverlap = minArea = Infinity;","","        for (i = m; i <= M - m; i++) {","            bbox1 = distBBox(node, 0, i, this.toBBox);","            bbox2 = distBBox(node, i, M, this.toBBox);","","            overlap = intersectionArea(bbox1, bbox2);","            area = bboxArea(bbox1) + bboxArea(bbox2);","","            // choose distribution with minimum overlap","            if (overlap < minOverlap) {","                minOverlap = overlap;","                index = i;","","                minArea = area < minArea ? area : minArea;","","            } else if (overlap === minOverlap) {","                // otherwise choose distribution with minimum area","                if (area < minArea) {","                    minArea = area;","                    index = i;","                }","            }","        }","","        return index;","    },","","    // sorts node children by the best axis for split","    _chooseSplitAxis: function (node, m, M) {","","        var compareMinX = node.leaf ? this.compareMinX : compareNodeMinX,","            compareMinY = node.leaf ? this.compareMinY : compareNodeMinY,","            xMargin = this._allDistMargin(node, m, M, compareMinX),","            yMargin = this._allDistMargin(node, m, M, compareMinY);","","        // if total distributions margin value is minimal for x, sort by minX,","        // otherwise it's already sorted by minY","        if (xMargin < yMargin) node.children.sort(compareMinX);","    },","","    // total margin of all possible split distributions where each node is at least m full","    _allDistMargin: function (node, m, M, compare) {","","        node.children.sort(compare);","","        var toBBox = this.toBBox,","            leftBBox = distBBox(node, 0, m, toBBox),","            rightBBox = distBBox(node, M - m, M, toBBox),","            margin = bboxMargin(leftBBox) + bboxMargin(rightBBox),","            i, child;","","        for (i = m; i < M - m; i++) {","            child = node.children[i];","            extend(leftBBox, node.leaf ? toBBox(child) : child);","            margin += bboxMargin(leftBBox);","        }","","        for (i = M - m - 1; i >= m; i--) {","            child = node.children[i];","            extend(rightBBox, node.leaf ? toBBox(child) : child);","            margin += bboxMargin(rightBBox);","        }","","        return margin;","    },","","    _adjustParentBBoxes: function (bbox, path, level) {","        // adjust bboxes along the given tree path","        for (var i = level; i >= 0; i--) {","            extend(path[i], bbox);","        }","    },","","    _condense: function (path) {","        // go through the path, removing empty nodes and updating bboxes","        for (var i = path.length - 1, siblings; i >= 0; i--) {","            if (path[i].children.length === 0) {","                if (i > 0) {","                    siblings = path[i - 1].children;","                    siblings.splice(siblings.indexOf(path[i]), 1);","","                } else this.clear();","","            } else calcBBox(path[i], this.toBBox);","        }","    },","","    _initFormat: function (format) {","        // data format (minX, minY, maxX, maxY accessors)","","        // uses eval-type function compilation instead of just accepting a toBBox function","        // because the algorithms are very sensitive to sorting functions performance,","        // so they should be dead simple and without inner calls","","        var compareArr = ['return a', ' - b', ';'];","","        this.compareMinX = new Function('a', 'b', compareArr.join(format[0]));","        this.compareMinY = new Function('a', 'b', compareArr.join(format[1]));","","        this.toBBox = new Function('a',","            'return {minX: a' + format[0] +","            ', minY: a' + format[1] +","            ', maxX: a' + format[2] +","            ', maxY: a' + format[3] + '};');","    }","};","","function findItem(item, items, equalsFn) {","    if (!equalsFn) return items.indexOf(item);","","    for (var i = 0; i < items.length; i++) {","        if (equalsFn(item, items[i])) return i;","    }","    return -1;","}","","// calculate node's bbox from bboxes of its children","function calcBBox(node, toBBox) {","    distBBox(node, 0, node.children.length, toBBox, node);","}","","// min bounding rectangle of node children from k to p-1","function distBBox(node, k, p, toBBox, destNode) {","    if (!destNode) destNode = createNode(null);","    destNode.minX = Infinity;","    destNode.minY = Infinity;","    destNode.maxX = -Infinity;","    destNode.maxY = -Infinity;","","    for (var i = k, child; i < p; i++) {","        child = node.children[i];","        extend(destNode, node.leaf ? toBBox(child) : child);","    }","","    return destNode;","}","","function extend(a, b) {","    a.minX = Math.min(a.minX, b.minX);","    a.minY = Math.min(a.minY, b.minY);","    a.maxX = Math.max(a.maxX, b.maxX);","    a.maxY = Math.max(a.maxY, b.maxY);","    return a;","}","","function compareNodeMinX(a, b) { return a.minX - b.minX; }","function compareNodeMinY(a, b) { return a.minY - b.minY; }","","function bboxArea(a)   { return (a.maxX - a.minX) * (a.maxY - a.minY); }","function bboxMargin(a) { return (a.maxX - a.minX) + (a.maxY - a.minY); }","","function enlargedArea(a, b) {","    return (Math.max(b.maxX, a.maxX) - Math.min(b.minX, a.minX)) *","           (Math.max(b.maxY, a.maxY) - Math.min(b.minY, a.minY));","}","","function intersectionArea(a, b) {","    var minX = Math.max(a.minX, b.minX),","        minY = Math.max(a.minY, b.minY),","        maxX = Math.min(a.maxX, b.maxX),","        maxY = Math.min(a.maxY, b.maxY);","","    return Math.max(0, maxX - minX) *","           Math.max(0, maxY - minY);","}","","function contains(a, b) {","    return a.minX <= b.minX &&","           a.minY <= b.minY &&","           b.maxX <= a.maxX &&","           b.maxY <= a.maxY;","}","","function intersects(a, b) {","    return b.minX <= a.maxX &&","           b.minY <= a.maxY &&","           b.maxX >= a.minX &&","           b.maxY >= a.minY;","}","","function createNode(children) {","    return {","        children: children,","        height: 1,","        leaf: true,","        minX: Infinity,","        minY: Infinity,","        maxX: -Infinity,","        maxY: -Infinity","    };","}","","// sort an array so that items come in groups of n unsorted items, with groups sorted between each other;","// combines selection algorithm with binary divide & conquer approach","","function multiSelect(arr, left, right, n, compare) {","    var stack = [left, right],","        mid;","","    while (stack.length) {","        right = stack.pop();","        left = stack.pop();","","        if (right - left <= n) continue;","","        mid = left + Math.ceil((right - left) / n / 2) * n;","        quickselect(arr, mid, left, right, compare);","","        stack.push(left, mid, mid, right);","    }","}","","},{\"quickselect\":2}],2:[function(require,module,exports){","'use strict';","","module.exports = partialSort;","","// Floyd-Rivest selection algorithm:","// Rearrange items so that all items in the [left, k] range are smaller than all items in (k, right];","// The k-th element will have the (k - left + 1)th smallest value in [left, right]","","function partialSort(arr, k, left, right, compare) {","","    while (right > left) {","        if (right - left > 600) {","            var n = right - left + 1;","            var m = k - left + 1;","            var z = Math.log(n);","            var s = 0.5 * Math.exp(2 * z / 3);","            var sd = 0.5 * Math.sqrt(z * s * (n - s) / n) * (m - n / 2 < 0 ? -1 : 1);","            var newLeft = Math.max(left, Math.floor(k - m * s / n + sd));","            var newRight = Math.min(right, Math.floor(k + (n - m) * s / n + sd));","            partialSort(arr, k, newLeft, newRight, compare);","        }","","        var t = arr[k];","        var i = left;","        var j = right;","","        swap(arr, left, k);","        if (compare(arr[right], t) > 0) swap(arr, left, right);","","        while (i < j) {","            swap(arr, i, j);","            i++;","            j--;","            while (compare(arr[i], t) < 0) i++;","            while (compare(arr[j], t) > 0) j--;","        }","","        if (compare(arr[left], t) === 0) swap(arr, left, j);","        else {","            j++;","            swap(arr, j, right);","        }","","        if (j <= k) left = j + 1;","        if (k <= j) right = j - 1;","    }","}","","function swap(arr, i, j) {","    var tmp = arr[i];","    arr[i] = arr[j];","    arr[j] = tmp;","}","","function defaultCompare(a, b) {","    return a < b ? -1 : a > b ? 1 : 0;","}","","},{}]},{},[1])(1)","});"],"l":{"1":3,"4":1,"6":1,"8":1,"9":0,"12":0,"13":0,"15":0,"16":0,"19":0,"22":1,"25":0,"30":0,"34":0,"36":0,"39":0,"40":0,"42":0,"43":0,"45":0,"46":0,"47":0,"48":0,"51":0,"54":0,"59":0,"62":0,"64":0,"67":0,"68":0,"70":0,"71":0,"73":0,"74":0,"75":0,"78":0,"81":0,"85":0,"87":0,"88":0,"89":0,"91":0,"95":0,"97":0,"99":0,"101":0,"103":0,"106":0,"108":0,"109":0,"110":0,"114":0,"117":0,"121":0,"122":0,"126":0,"127":0,"131":0,"133":0,"140":0,"142":0,"143":0,"144":0,"145":0,"146":0,"149":0,"150":0,"152":0,"154":0,"155":0,"156":0,"157":0,"161":0,"162":0,"163":0,"164":0,"165":0,"166":0,"168":0,"169":0,"170":0,"171":0,"173":0,"176":0,"179":0,"184":0,"187":0,"188":0,"192":0,"193":0,"194":0,"195":0,"197":0,"199":0,"204":0,"208":0,"210":0,"211":0,"212":0,"215":0,"217":0,"220":0,"223":0,"224":0,"225":0,"229":0,"233":0,"235":0,"237":0,"239":0,"241":0,"243":0,"246":0,"250":0,"252":0,"257":0,"259":0,"260":0,"262":0,"264":0,"266":0,"267":0,"268":0,"269":0,"272":0,"273":0,"274":0,"275":0,"277":0,"279":0,"280":0,"281":0,"286":0,"289":0,"294":0,"299":0,"302":0,"303":0,"306":0,"307":0,"308":0,"309":0,"310":0,"314":0,"320":0,"324":0,"326":0,"328":0,"329":0,"330":0,"332":0,"333":0,"335":0,"336":0,"341":0,"342":0,"343":0,"344":0,"349":0,"351":0,"353":0,"354":0,"355":0,"357":0,"358":0,"361":0,"362":0,"363":0,"365":0,"367":0,"369":0,"370":0,"371":0,"376":0,"382":0,"389":0,"395":0,"397":0,"403":0,"404":0,"405":0,"406":0,"409":0,"410":0,"411":0,"412":0,"415":0,"420":0,"421":0,"427":0,"428":0,"429":0,"430":0,"431":0,"433":0,"435":0,"446":0,"448":0,"449":0,"451":0,"459":1,"460":0,"462":0,"463":0,"465":0,"469":1,"470":0,"474":1,"475":0,"476":0,"477":0,"478":0,"479":0,"481":0,"482":0,"483":0,"486":0,"489":1,"490":0,"491":0,"492":0,"493":0,"494":0,"497":1,"498":1,"500":1,"501":1,"503":1,"504":0,"508":1,"509":0,"514":0,"518":1,"519":0,"525":1,"526":0,"532":1,"533":0,"547":1,"548":0,"551":0,"552":0,"553":0,"555":0,"557":0,"558":0,"560":0,"567":1,"573":1,"575":0,"576":0,"577":0,"578":0,"579":0,"580":0,"581":0,"582":0,"583":0,"584":0,"587":0,"588":0,"589":0,"591":0,"592":0,"594":0,"595":0,"596":0,"597":0,"598":0,"599":0,"602":0,"604":0,"605":0,"608":0,"609":0,"613":1,"614":0,"615":0,"616":0,"619":1,"620":0}}}